[12:35:00] 📡 RSS 掃描: 100 篇, 100 篇新的 (480ms)
[12:35:00]   🆕 新推文偵測！
[12:35:00]      ID: 116263751750331124
[12:35:00]      時間: Fri, 20 Mar 2026 22:01:03 +0000
[12:35:00]      偵測延遲: 52437.5秒
[12:35:00]      內容: The Great State of Colorado, and a pathetic RINO District Attorney, together with the Radical Left G...
[12:35:00]      ⚪ 無信號 (0ms)
[12:35:00]   🆕 新推文偵測！
[12:35:00]      ID: 116263563453969628
[12:35:00]      時間: Fri, 20 Mar 2026 21:13:10 +0000
[12:35:00]      偵測延遲: 55310.5秒
[12:35:00]      內容: We are getting very close to meeting our objectives as we consider winding down our great Military e...
[12:35:00]      ⚪ 無信號 (0ms)
[12:35:00]   🆕 新推文偵測！
[12:35:00]      ID: 116262998779773636
[12:35:00]      時間: Fri, 20 Mar 2026 18:49:34 +0000
[12:35:00]      偵測延遲: 63926.5秒
[12:35:00]      內容: ...
[12:35:00]      ⚪ 無信號 (0ms)
[12:35:00]   🆕 新推文偵測！
[12:35:00]      ID: 116261847910261480
[12:35:00]      時間: Fri, 20 Mar 2026 13:56:53 +0000
[12:35:00]      偵測延遲: 81487.5秒
[12:35:00]      內容: I met with Hope Scheppelman and her husband Steven, of the Radical Left State of Colorado, to discus...
[12:35:00]      📡 信號: THREAT(65%), BEARISH(65%) (0ms)
[12:35:00]      🎯 預測: DOWN (65%) | 0多/2空 (0ms)
[12:35:00]      ⏱️ 全鏈路: 偵測81488s + 分類0ms + 預測0ms = 共81487.5s
[12:35:00]      💰 Polymarket: 等待錢包設定...
[12:35:00]   🆕 新推文偵測！
[12:35:00]      ID: 116261796648776538
[12:35:00]      時間: Fri, 20 Mar 2026 13:43:51 +0000
[12:35:00]      偵測延遲: 82269.5秒
[12:35:00]      內容: Without the U.S.A., NATO IS A PAPER TIGER! They didn’t want to join the fight to stop a Nuclear Powe...
[12:35:00]      ⚪ 無信號 (0ms)
[12:35:00]   🆕 新推文偵測！
[12:35:00]      ID: 116261732231179804
[12:35:00]      時間: Fri, 20 Mar 2026 13:27:28 +0000
[12:35:00]      偵測延遲: 83252.5秒
[12:35:00]      內容: THE SAVE AMERICA ACT MUST BE PASSED BY THE SENATE. THERE IS NOTHING THAT IS MORE IMPORTANT FOR THE U...
[12:35:00]      ⚪ 無信號 (0ms)
[12:35:00]   🆕 新推文偵測！
[12:35:00]      ID: 116261712648536578
[12:35:00]      時間: Fri, 20 Mar 2026 13:22:29 +0000
[12:35:00]      偵測延遲: 83551.5秒
[12:35:00]      內容: CONGRESS, PASS THE FARM BILL, NOW! President DJT...
[12:35:00]      ⚪ 無信號 (0ms)
[12:35:00]   🆕 新推文偵測！
[12:35:00]      ID: 116257915423728314
[12:35:00]      時間: Thu, 19 Mar 2026 21:16:48 +0000
[12:35:00]      偵測延遲: 141492.5秒
[12:35:00]      內容: They Threw Everything They Had at Donald Trump. He’s Still Standing. America Is Better For It:...
[12:35:00]      ⚪ 無信號 (0ms)
[12:35:00]   🆕 新推文偵測！
[12:35:00]      ID: 116257827130389641
[12:35:00]      時間: Thu, 19 Mar 2026 20:54:21 +0000
[12:35:00]      偵測延遲: 142839.5秒
[12:35:00]      內容: GAVIN M. WAX: Trump Quietly Set Up Future Of American Manufacturing With Stroke Of A Pen:...
[12:35:00]      ⚪ 無信號 (0ms)
[12:35:00]   🆕 新推文偵測！
[12:35:00]      ID: 116257826369374629
[12:35:00]      時間: Thu, 19 Mar 2026 20:54:09 +0000
[12:35:00]      偵測延遲: 142851.5秒
[12:35:00]      內容: You Should Be Terrified by What JPMorgan Did to Trump:...
[12:35:00]      ⚪ 無信號 (0ms)
[12:35:00]   🆕 新推文偵測！
[12:35:00]      ID: 116257824115129532
[12:35:00]      時間: Thu, 19 Mar 2026 20:53:35 +0000
[12:35:00]      偵測延遲: 142885.5秒
[12:35:00]      內容: Ex-police chief says Trump told him 'thank goodness you're stopping' Epstein in 2000s:...
[12:35:00]      ⚪ 無信號 (0ms)
[12:35:00]   🆕 新推文偵測！
[12:35:00]      ID: 116257685258900412
[12:35:00]      時間: Thu, 19 Mar 2026 20:18:16 +0000
[12:35:00]      偵測延遲: 145004.5秒
[12:35:00]      內容: ...
[12:35:00]      ⚪ 無信號 (0ms)
[12:35:00]   🆕 新推文偵測！
[12:35:00]      ID: 116256226651705916
[12:35:00]      時間: Thu, 19 Mar 2026 14:07:19 +0000
[12:35:00]      偵測延遲: 167261.5秒
[12:35:00]      內容: Passing The Save America Act Is Indispensable To Preserve Representative Democracy:...
[12:35:00]      ⚪ 無信號 (0ms)
[12:35:00]   🆕 新推文偵測！
[12:35:00]      ID: 116256225070534165
[12:35:00]      時間: Thu, 19 Mar 2026 14:06:55 +0000
[12:35:00]      偵測延遲: 167285.5秒
[12:35:00]      內容: Michael Whatley is so Great! Running against a really bad former Governor who set murderers free to ...
[12:35:00]      ⚪ 無信號 (0ms)
[12:35:00]   🆕 新推文偵測！
[12:35:00]      ID: 116256221612685192
[12:35:00]      時間: Thu, 19 Mar 2026 14:06:02 +0000
[12:35:00]      偵測延遲: 167338.5秒
[12:35:00]      內容: Britain had meltdown when China hacked voter files, but U.S. intel kept it secret in America:...
[12:35:00]      ⚪ 無信號 (0ms)
[12:35:00]   🆕 新推文偵測！
[12:35:00]      ID: 116256220292711449
[12:35:00]      時間: Thu, 19 Mar 2026 14:05:42 +0000
[12:35:00]      偵測延遲: 167358.5秒
[12:35:00]      內容: President Trump Has Prevented Another Holocaust:...
[12:35:00]      ⚪ 無信號 (0ms)
[12:35:00]   🆕 新推文偵測！
[12:35:00]      ID: 116256219531850396
[12:35:00]      時間: Thu, 19 Mar 2026 14:05:31 +0000
[12:35:00]      偵測延遲: 167369.5秒
[12:35:00]      內容: Asia-Pacific Allies Ink $56 Billion in Deals with US Companies at Tokyo Forum, Burgum Says:...
[12:35:00]      📡 信號: DEAL(65%) (0ms)
[12:35:00]      🎯 預測: UP (65%) | 1多/0空 (0ms)
[12:35:00]      ⏱️ 全鏈路: 偵測167370s + 分類0ms + 預測0ms = 共167369.5s
[12:35:00]      💰 Polymarket: 等待錢包設定...
[12:35:00]   🆕 新推文偵測！
[12:35:00]      ID: 116256218451397252
[12:35:00]      時間: Thu, 19 Mar 2026 14:05:14 +0000
[12:35:00]      偵測延遲: 167386.5秒
[12:35:00]      內容: The Left Is Petrified That Trump Will Succeed in Iran and Expose Them As Mind-Twisted Frauds:...
[12:35:00]      ⚪ 無信號 (0ms)
[12:35:00]   🆕 新推文偵測！
[12:35:00]      ID: 116256217083523012
[12:35:00]      時間: Thu, 19 Mar 2026 14:04:53 +0000
[12:35:00]      偵測延遲: 167407.5秒
[12:35:00]      內容: Khamenei’s Unforced Errors Proved Fatal:...
[12:35:00]      ⚪ 無信號 (0ms)
[12:35:00]   🆕 新推文偵測！
[12:35:00]      ID: 116256215639879243
[12:35:00]      時間: Thu, 19 Mar 2026 14:04:31 +0000
[12:35:00]      偵測延遲: 167429.5秒
[12:35:00]      內容: MORNING GLORY: Why Trump must finish what he started with Iran’s regime:...
[12:35:00]      ⚪ 無信號 (0ms)
[12:35:00]   🆕 新推文偵測！
[12:35:00]      ID: 116256214426681641
[12:35:00]      時間: Thu, 19 Mar 2026 14:04:13 +0000
[12:35:00]      偵測延遲: 167447.5秒
[12:35:00]      內容: From Douglas MacKinnon: “This is a photo from yesterday on the drive from LA to Palm Springs. Hundre...
[12:35:00]      ⚪ 無信號 (0ms)
[12:35:00]   🆕 新推文偵測！
[12:35:00]      ID: 116256204305007898
[12:35:00]      時間: Thu, 19 Mar 2026 14:01:38 +0000
[12:35:00]      偵測延遲: 167602.5秒
[12:35:00]      內容: Jon McNaughton working on The Forgotten Man in The Eisenhower Executive Office Building!...
[12:35:00]      ⚪ 無信號 (0ms)
[12:35:00]   🆕 新推文偵測！
[12:35:00]      ID: 116256171120186590
[12:35:00]      時間: Thu, 19 Mar 2026 13:53:12 +0000
[12:35:00]      偵測延遲: 168108.5秒
[12:35:00]      內容: ...
[12:35:00]      ⚪ 無信號 (0ms)
[12:35:00]   🆕 新推文偵測！
[12:35:00]      ID: 116255809955960965
[12:35:00]      時間: Thu, 19 Mar 2026 12:21:21 +0000
[12:35:00]      偵測延遲: 173619.5秒
[12:35:00]      內容: Media, lawmakers downplay threat from the Iran regime, but evidence shows the true scope of danger:...
[12:35:00]      ⚪ 無信號 (0ms)
[12:35:00]   🆕 新推文偵測！
[12:35:00]      ID: 116253527175738987
[12:35:00]      時間: Thu, 19 Mar 2026 02:40:48 +0000
[12:35:00]      偵測延遲: 208452.5秒
[12:35:00]      內容: Graham tears into European allies over Strait of Hormuz reluctance:...
[12:35:00]      ⚪ 無信號 (0ms)
[12:35:00]   🆕 新推文偵測！
[12:35:00]      ID: 116253388303392718
[12:35:00]      時間: Thu, 19 Mar 2026 02:05:29 +0000
[12:35:00]      偵測延遲: 210571.5秒
[12:35:00]      內容: Israel, out of anger for what has taken place in the Middle East, has violently lashed out at a majo...
[12:35:00]      ⚪ 無信號 (0ms)
[12:35:00]   🆕 新推文偵測！
[12:35:00]      ID: 116252861649863261
[12:35:00]      時間: Wed, 18 Mar 2026 23:51:33 +0000
[12:35:00]      偵測延遲: 218607.5秒
[12:35:00]      內容: FREE TINA PETERS, A 73-YEAR-OLD WOMAN, WITH CANCER, GIVEN A NINE YEAR DEATH SENTENCE IN A COLORADO P...
[12:35:00]      ⚪ 無信號 (0ms)
[12:35:00]   🆕 新推文偵測！
[12:35:00]      ID: 116252749732465975
[12:35:00]      時間: Wed, 18 Mar 2026 23:23:06 +0000
[12:35:00]      偵測延遲: 220314.5秒
[12:35:00]      內容: ...
[12:35:00]      ⚪ 無信號 (0ms)
[12:35:00]   🆕 新推文偵測！
[12:35:00]      ID: 116252723144189442
[12:35:00]      時間: Wed, 18 Mar 2026 23:16:20 +0000
[12:35:00]      偵測延遲: 220720.5秒
[12:35:00]      內容: ...
[12:35:00]      ⚪ 無信號 (0ms)
[12:35:00]   🆕 新推文偵測！
[12:35:00]      ID: 116252627848707423
[12:35:00]      時間: Wed, 18 Mar 2026 22:52:06 +0000
[12:35:00]      偵測延遲: 222174.5秒
[12:35:00]      內容: ...
[12:35:00]      ⚪ 無信號 (0ms)
[12:35:00]   🆕 新推文偵測！
[12:35:00]      ID: 116250298165333422
[12:35:00]      時間: Wed, 18 Mar 2026 12:59:38 +0000
[12:35:00]      偵測延遲: 257722.5秒
[12:35:00]      內容: RT: https://truthsocial.com/users/realDonaldTrump/statuses/116250297283069512...
[12:35:00]      ⚪ 無信號 (0ms)
[12:35:00]   🆕 新推文偵測！
[12:35:00]      ID: 116250297283069512
[12:35:00]      時間: Wed, 18 Mar 2026 12:59:24 +0000
[12:35:00]      偵測延遲: 257736.5秒
[12:35:00]      內容: ...
[12:35:00]      ⚪ 無信號 (0ms)
[12:35:00]   🆕 新推文偵測！
[12:35:00]      ID: 116250236426568567
[12:35:00]      時間: Wed, 18 Mar 2026 12:43:56 +0000
[12:35:00]      偵測延遲: 258664.5秒
[12:35:00]      內容: US allies need to get a grip – step up and help open the Strait of Hormuz:...
[12:35:00]      ⚪ 無信號 (0ms)
[12:35:00]   🆕 新推文偵測！
[12:35:00]      ID: 116250207334512491
[12:35:00]      時間: Wed, 18 Mar 2026 12:36:32 +0000
[12:35:00]      偵測延遲: 259108.5秒
[12:35:00]      內容: ...
[12:35:00]      ⚪ 無信號 (0ms)
[12:35:00]   🆕 新推文偵測！
[12:35:00]      ID: 116250206644518855
[12:35:00]      時間: Wed, 18 Mar 2026 12:36:21 +0000
[12:35:00]      偵測延遲: 259119.5秒
[12:35:00]      內容: ...
[12:35:00]      ⚪ 無信號 (0ms)
[12:35:00]   🆕 新推文偵測！
[12:35:00]      ID: 116250205888594298
[12:35:00]      時間: Wed, 18 Mar 2026 12:36:10 +0000
[12:35:00]      偵測延遲: 259130.5秒
[12:35:00]      內容: ...
[12:35:00]      ⚪ 無信號 (0ms)
[12:35:00]   🆕 新推文偵測！
[12:35:00]      ID: 116250204937254737
[12:35:00]      時間: Wed, 18 Mar 2026 12:35:55 +0000
[12:35:00]      偵測延遲: 259145.5秒
[12:35:00]      內容: ...
[12:35:00]      ⚪ 無信號 (0ms)
[12:35:00]   🆕 新推文偵測！
[12:35:00]      ID: 116250203405172359
[12:35:00]      時間: Wed, 18 Mar 2026 12:35:32 +0000
[12:35:00]      偵測延遲: 259168.6秒
[12:35:00]      內容: I wonder what would happen if we “finished off” what’s left of the Iranian Terror State, and let the...
[12:35:00]      ⚪ 無信號 (0ms)
[12:35:00]   🆕 新推文偵測！
[12:35:00]      ID: 116250143939100110
[12:35:00]      時間: Wed, 18 Mar 2026 12:20:24 +0000
[12:35:00]      偵測延遲: 260076.6秒
[12:35:00]      內容: For all of the Fake News out there, it’s called THE SAVE AMERICA ACT, not the SAVE ACT. Nobody knows...
[12:35:00]      ⚪ 無信號 (0ms)
[12:35:00]   🆕 新推文偵測！
[12:35:00]      ID: 116250115423447200
[12:35:00]      時間: Wed, 18 Mar 2026 12:13:09 +0000
[12:35:00]      偵測延遲: 260511.6秒
[12:35:00]      內容: When is “Too Late” Powell lowering INTEREST RATES? President DJT...
[12:35:00]      ⚪ 無信號 (0ms)
[12:35:00]   🆕 新推文偵測！
[12:35:00]      ID: 116250068528701090
[12:35:00]      時間: Wed, 18 Mar 2026 12:01:14 +0000
[12:35:00]      偵測延遲: 261226.6秒
[12:35:00]      內容: Remember, for all of those absolute “fools” out there, Iran is considered, by everyone, to be the NU...
[12:35:00]      ⚪ 無信號 (0ms)
[12:35:00]   🆕 新推文偵測！
[12:35:00]      ID: 116249915914904632
[12:35:00]      時間: Wed, 18 Mar 2026 11:22:25 +0000
[12:35:00]      偵測延遲: 263555.6秒
[12:35:00]      內容: I wonder what would happen if we “finished off” what’s left of the Iranian Terror State, and let the...
[12:35:00]      ⚪ 無信號 (0ms)
[12:35:00]   🆕 新推文偵測！
[12:35:00]      ID: 116249873076369025
[12:35:00]      時間: Wed, 18 Mar 2026 11:11:31 +0000
[12:35:00]      偵測延遲: 264209.6秒
[12:35:00]      內容: The Democrat’s purposeful DHS SHUTDOWN is causing chaos at the airports. These Lunatics are being to...
[12:35:00]      ⚪ 無信號 (0ms)
[12:35:00]   🆕 新推文偵測！
[12:35:00]      ID: 116249447962443816
[12:35:00]      時間: Wed, 18 Mar 2026 09:23:25 +0000
[12:35:00]      偵測延遲: 270695.6秒
[12:35:00]      內容: Britain had meltdown when China hacked voter files, but U.S. intel kept it secret in America:...
[12:35:00]      ⚪ 無信號 (0ms)
[12:35:00]   🆕 新推文偵測！
[12:35:00]      ID: 116249435067996399
[12:35:00]      時間: Wed, 18 Mar 2026 09:20:08 +0000
[12:35:00]      偵測延遲: 270892.6秒
[12:35:00]      內容: Trump steamrolls over California’s anti-fossil fuel crusade to get oil flowing from offshore rigs:...
[12:35:00]      ⚪ 無信號 (0ms)
[12:35:00]   🆕 新推文偵測！
[12:35:00]      ID: 116247928951810982
[12:35:00]      時間: Wed, 18 Mar 2026 02:57:06 +0000
[12:35:00]      偵測延遲: 293874.6秒
[12:35:00]      內容: STATEHOOD!!! President DJT...
[12:35:00]      ⚪ 無信號 (0ms)
[12:35:00]   🆕 新推文偵測！
[12:35:00]      ID: 116247522086271962
[12:35:00]      時間: Wed, 18 Mar 2026 01:13:38 +0000
[12:35:00]      偵測延遲: 300082.6秒
[12:35:00]      內容: ...
[12:35:00]      ⚪ 無信號 (0ms)
[12:35:00]   🆕 新推文偵測！
[12:35:00]      ID: 116245182325726375
[12:35:00]      時間: Tue, 17 Mar 2026 15:18:36 +0000
[12:35:00]      偵測延遲: 335784.6秒
[12:35:00]      內容: The United States has been informed by most of our NATO “Allies” that they don’t want to get involve...
[12:35:00]      ⚪ 無信號 (0ms)
[12:35:00]   🆕 新推文偵測！
[12:35:00]      ID: 116244486426312346
[12:35:00]      時間: Tue, 17 Mar 2026 12:21:38 +0000
[12:35:00]      偵測延遲: 346402.6秒
[12:35:00]      內容: The Save America Act is one of the most IMPORTANT &amp; CONSEQUENTIAL pieces of legislation in the h...
[12:35:00]      ⚪ 無信號 (0ms)
[12:35:00]   🆕 新推文偵測！
[12:35:00]      ID: 116243698779273101
[12:35:00]      時間: Tue, 17 Mar 2026 09:01:19 +0000
[12:35:00]      偵測延遲: 358421.6秒
[12:35:00]      內容: The US-Israeli strategy against Iran is working. Here is why:...
[12:35:00]      ⚪ 無信號 (0ms)
[12:35:00]   🆕 新推文偵測！
[12:35:00]      ID: 116242335330134909
[12:35:00]      時間: Tue, 17 Mar 2026 03:14:34 +0000
[12:35:00]      偵測延遲: 379226.6秒
[12:35:00]      內容: Wow! Venezuela defeated Italy tonight, 4-2, in the WBC (Baseball!) Semifinal. They are looking reall...
[12:35:00]      ⚪ 無信號 (0ms)
[12:35:00]   🆕 新推文偵測！
[12:35:00]      ID: 116242184760039996
[12:35:00]      時間: Tue, 17 Mar 2026 02:36:17 +0000
[12:35:00]      偵測延遲: 381523.6秒
[12:35:00]      內容: ...
[12:35:00]      ⚪ 無信號 (0ms)
[12:35:00]   🆕 新推文偵測！
[12:35:00]      ID: 116241961295404159
[12:35:00]      時間: Tue, 17 Mar 2026 01:39:27 +0000
[12:35:00]      偵測延遲: 384933.6秒
[12:35:00]      內容: “Hang Out with Sean Hannity” is a GREAT  New Podcast, Streaming Now!!! Sean is a fantastic guy, and ...
[12:35:00]      ⚪ 無信號 (0ms)
[12:35:00]   🆕 新推文偵測！
[12:35:00]      ID: 116241562639922898
[12:35:00]      時間: Mon, 16 Mar 2026 23:58:04 +0000
[12:35:00]      偵測延遲: 391016.6秒
[12:35:00]      內容: Prez Trump Draws Massive Crowd Reaction At CFP Title Game In Miami:...
[12:35:00]      ⚪ 無信號 (0ms)
[12:35:00]   🆕 新推文偵測！
[12:35:00]      ID: 116241561679397928
[12:35:00]      時間: Mon, 16 Mar 2026 23:57:49 +0000
[12:35:00]      偵測延遲: 391031.6秒
[12:35:00]      內容: WATCH: Trump Cheered During National Anthem at College Football National Championship Game:...
[12:35:00]      ⚪ 無信號 (0ms)
[12:35:00]   🆕 新推文偵測！
[12:35:00]      ID: 116241559915911661
[12:35:00]      時間: Mon, 16 Mar 2026 23:57:23 +0000
[12:35:00]      偵測延遲: 391057.6秒
[12:35:00]      內容: WATCH: Crowd Goes WILD for Trump During National Anthem at the College Football Championship in Miam...
[12:35:00]      ⚪ 無信號 (0ms)
[12:35:00]   🆕 新推文偵測！
[12:35:00]      ID: 116241557993544867
[12:35:00]      時間: Mon, 16 Mar 2026 23:56:53 +0000
[12:35:00]      偵測延遲: 391087.6秒
[12:35:00]      內容: Jack Smith targeted then-House Speaker McCarthy’s private phone records in J6 probe, FBI docs reveal...
[12:35:00]      ⚪ 無信號 (0ms)
[12:35:00]   🆕 新推文偵測！
[12:35:00]      ID: 116241557064413752
[12:35:00]      時間: Mon, 16 Mar 2026 23:56:39 +0000
[12:35:00]      偵測延遲: 391101.6秒
[12:35:00]      內容: Jack Smith meeting with then-FBI Director Wray recorded as ‘significant case notification’ in J6 pro...
[12:35:00]      ⚪ 無信號 (0ms)
[12:35:00]   🆕 新推文偵測！
[12:35:00]      ID: 116241553340894634
[12:35:00]      時間: Mon, 16 Mar 2026 23:55:42 +0000
[12:35:00]      偵測延遲: 391158.6秒
[12:35:00]      內容: NATO long warned of Russian, Chinese threats to Greenland, now rejects Trump’s ownership solution:...
[12:35:00]      ⚪ 無信號 (0ms)
[12:35:00]   🆕 新推文偵測！
[12:35:00]      ID: 116241548802837887
[12:35:00]      時間: Mon, 16 Mar 2026 23:54:33 +0000
[12:35:00]      偵測延遲: 391227.6秒
[12:35:00]      內容: Clay County Sheriff Michelle Cook honored by President Trump at Women’s History Month event at White...
[12:35:00]      ⚪ 無信號 (0ms)
[12:35:00]   🆕 新推文偵測！
[12:35:00]      ID: 116239674084445278
[12:35:00]      時間: Mon, 16 Mar 2026 15:57:47 +0000
[12:35:00]      偵測延遲: 419833.6秒
[12:35:00]      內容: Susie Wiles is an incredible Chief of Staff, a great person, and one of the strongest people I know ...
[12:35:00]      📡 信號: ACTION(75%) (0ms)
[12:35:00]      🎯 預測: UP (75%) | 1多/0空 (0ms)
[12:35:00]      ⏱️ 全鏈路: 偵測419834s + 分類0ms + 預測0ms = 共419833.6s
[12:35:00]      💰 Polymarket: 等待錢包設定...
[12:35:00]   🆕 新推文偵測！
[12:35:00]      ID: 116239050427498715
[12:35:00]      時間: Mon, 16 Mar 2026 13:19:11 +0000
[12:35:00]      偵測延遲: 429349.6秒
[12:35:00]      內容: News Conference today, prior to Trump Kennedy Center Board Meeting. Thank you!...
[12:35:00]      ⚪ 無信號 (0ms)
[12:35:00]   🆕 新推文偵測！
[12:35:00]      ID: 116239040439932874
[12:35:00]      時間: Mon, 16 Mar 2026 13:16:38 +0000
[12:35:00]      偵測延遲: 429502.6秒
[12:35:00]      內容: The crazed Democrats are not allowing TSA Agents to get paid. The deal was made a long time ago. The...
[12:35:00]      📡 信號: DEAL(65%) (0ms)
[12:35:00]      🎯 預測: UP (65%) | 1多/0空 (0ms)
[12:35:00]      ⏱️ 全鏈路: 偵測429503s + 分類0ms + 預測0ms = 共429502.6s
[12:35:00]      💰 Polymarket: 等待錢包設定...
[12:35:00]   🆕 新推文偵測！
[12:35:00]      ID: 116238791857146568
[12:35:00]      時間: Mon, 16 Mar 2026 12:13:25 +0000
[12:35:00]      偵測延遲: 433295.6秒
[12:35:00]      內容: ...
[12:35:00]      ⚪ 無信號 (0ms)
[12:35:00]   🆕 新推文偵測！
[12:35:00]      ID: 116238790930991351
[12:35:00]      時間: Mon, 16 Mar 2026 12:13:11 +0000
[12:35:00]      偵測延遲: 433309.6秒
[12:35:00]      內容: ...
[12:35:00]      ⚪ 無信號 (0ms)
[12:35:00]   🆕 新推文偵測！
[12:35:00]      ID: 116238700372346046
[12:35:00]      時間: Mon, 16 Mar 2026 11:50:09 +0000
[12:35:00]      偵測延遲: 434691.6秒
[12:35:00]      內容: Michael Whatley is so Great! Running against a really bad former Governor who set murderers free to ...
[12:35:00]      ⚪ 無信號 (0ms)
[12:35:00]   🆕 新推文偵測！
[12:35:00]      ID: 116236850873003597
[12:35:00]      時間: Mon, 16 Mar 2026 03:59:48 +0000
[12:35:00]      偵測延遲: 462912.6秒
[12:35:00]      內容: ...
[12:35:00]      ⚪ 無信號 (0ms)
[12:35:00]   🆕 新推文偵測！
[12:35:00]      ID: 116236561191626050
[12:35:00]      時間: Mon, 16 Mar 2026 02:46:08 +0000
[12:35:00]      偵測延遲: 467332.6秒
[12:35:00]      內容: The Courts treat Republicans, and me, so unfairly, always seeming to protect those who should not be...
[12:35:00]      📡 信號: TARIFF(75%), BEARISH(90%) (0ms)
[12:35:00]      🎯 預測: DOWN (90%) | 0多/2空 (0ms)
[12:35:00]      ⏱️ 全鏈路: 偵測467333s + 分類0ms + 預測0ms = 共467332.6s
[12:35:00]      💰 Polymarket: 等待錢包設定...
[12:35:00]   🆕 新推文偵測！
[12:35:00]      ID: 116236559151421767
[12:35:00]      時間: Mon, 16 Mar 2026 02:45:37 +0000
[12:35:00]      偵測延遲: 467363.6秒
[12:35:00]      內容: The decision that mattered most to me was TARIFFS! The Court knew where I stood, how badly I wanted ...
[12:35:00]      📡 信號: TARIFF(90%) (0ms)
[12:35:00]      🎯 預測: DOWN (90%) | 0多/1空 (0ms)
[12:35:00]      ⏱️ 全鏈路: 偵測467364s + 分類0ms + 預測0ms = 共467363.6s
[12:35:00]      💰 Polymarket: 等待錢包設定...
[12:35:00]   🆕 新推文偵測！
[12:35:00]      ID: 116236498017197393
[12:35:00]      時間: Mon, 16 Mar 2026 02:30:04 +0000
[12:35:00]      偵測延遲: 468296.6秒
[12:35:00]      內容: Mark Levin, a truly Great American Patriot, is somewhat under siege by other people with far less In...
[12:35:00]      📡 信號: DEAL(65%) (0ms)
[12:35:00]      🎯 預測: UP (65%) | 1多/0空 (0ms)
[12:35:00]      ⏱️ 全鏈路: 偵測468297s + 分類0ms + 預測0ms = 共468296.6s
[12:35:00]      💰 Polymarket: 等待錢包設定...
[12:35:00]   🆕 新推文偵測！
[12:35:00]      ID: 116235861005528220
[12:35:00]      時間: Sun, 15 Mar 2026 23:48:04 +0000
[12:35:00]      偵測延遲: 478016.6秒
[12:35:00]      內容: Iran has long been known as a Master of Media Manipulation and Public Relations. They are Militarily...
[12:35:00]      📡 信號: RELIEF(75%), ACTION(75%) (0ms)
[12:35:00]      🎯 預測: UP (75%) | 2多/0空 (0ms)
[12:35:00]      ⏱️ 全鏈路: 偵測478017s + 分類0ms + 預測0ms = 共478016.6s
[12:35:00]      💰 Polymarket: 等待錢包設定...
[12:35:00]   🆕 新推文偵測！
[12:35:00]      ID: 116229166794959253
[12:35:00]      時間: Sat, 14 Mar 2026 19:25:39 +0000
[12:35:00]      偵測延遲: 580161.6秒
[12:35:00]      內容: McLaughlin: Strong Majority Backs Trump in Stopping Iran's Nuclear Ambitions:...
[12:35:00]      ⚪ 無信號 (0ms)
[12:35:00]   🆕 新推文偵測！
[12:35:00]      ID: 116229058692001771
[12:35:00]      時間: Sat, 14 Mar 2026 18:58:09 +0000
[12:35:00]      偵測延遲: 581811.6秒
[12:35:00]      內容: The United States of America has beaten and completely decimated Iran, both Militarily, Economically...
[12:35:00]      ⚪ 無信號 (0ms)
[12:35:00]   🆕 新推文偵測！
[12:35:00]      ID: 116228130264134892
[12:35:00]      時間: Sat, 14 Mar 2026 15:02:02 +0000
[12:35:00]      偵測延遲: 595978.6秒
[12:35:00]      內容: ...
[12:35:00]      ⚪ 無信號 (0ms)
[12:35:00]   🆕 新推文偵測！
[12:35:00]      ID: 116227904143399817
[12:35:00]      時間: Sat, 14 Mar 2026 14:04:32 +0000
[12:35:00]      偵測延遲: 599428.6秒
[12:35:00]      內容: Many Countries, especially those who are affected by Iran’s attempted closure of the Hormuz Strait, ...
[12:35:00]      ⚪ 無信號 (0ms)
[12:35:00]   🆕 新推文偵測！
[12:35:00]      ID: 116227789768118115
[12:35:00]      時間: Sat, 14 Mar 2026 13:35:27 +0000
[12:35:00]      偵測延遲: 601173.6秒
[12:35:00]      內容: Yet again, an intentionally misleading headline by the Fake News Media about the five tanker planes ...
[12:35:00]      📡 信號: BEARISH(65%) (0ms)
[12:35:00]      🎯 預測: DOWN (65%) | 0多/1空 (0ms)
[12:35:00]      ⏱️ 全鏈路: 偵測601174s + 分類0ms + 預測0ms = 共601173.6s
[12:35:00]      💰 Polymarket: 等待錢包設定...
[12:35:00]   🆕 新推文偵測！
[12:35:00]      ID: 116227449614232103
[12:35:00]      時間: Sat, 14 Mar 2026 12:08:56 +0000
[12:35:00]      偵測延遲: 606364.6秒
[12:35:00]      內容: Thank you to Johnny Jones and all of our GREAT TSA Agents who are going to work but not being paid b...
[12:35:00]      📡 信號: DEAL(75%), BEARISH(75%) (0ms)
[12:35:00]      🎯 預測: NEUTRAL (30%) | 1多/1空 (0ms)
[12:35:00]      ⏱️ 全鏈路: 偵測606365s + 分類0ms + 預測0ms = 共606364.6s
[12:35:00]      💰 Polymarket: 等待錢包設定...
[12:35:00]   🆕 新推文偵測！
[12:35:00]      ID: 116225502010036899
[12:35:00]      時間: Sat, 14 Mar 2026 03:53:38 +0000
[12:35:00]      偵測延遲: 636082.6秒
[12:35:00]      內容: The Fake News Media hates to report how well the United States Military has done against Iran, which...
[12:35:00]      📡 信號: DEAL(65%) (0ms)
[12:35:00]      🎯 預測: UP (65%) | 1多/0空 (0ms)
[12:35:00]      ⏱️ 全鏈路: 偵測636083s + 分類0ms + 預測0ms = 共636082.6s
[12:35:00]      💰 Polymarket: 等待錢包設定...
[12:35:00]   🆕 新推文偵測！
[12:35:00]      ID: 116224969922841857
[12:35:00]      時間: Sat, 14 Mar 2026 01:38:19 +0000
[12:35:00]      偵測延遲: 644201.6秒
[12:35:00]      內容: RT @realDonaldTrump...
[12:35:00]      ⚪ 無信號 (0ms)
[12:35:00]   🆕 新推文偵測！
[12:35:00]      ID: 116224969784331828
[12:35:00]      時間: Sat, 14 Mar 2026 01:38:17 +0000
[12:35:00]      偵測延遲: 644203.6秒
[12:35:00]      內容: RT @realDonaldTrumpIran had plans of taking over the entire Middle East, and completely obliterating...
[12:35:00]      ⚪ 無信號 (0ms)
[12:35:00]   🆕 新推文偵測！
[12:35:00]      ID: 116224969438347868
[12:35:00]      時間: Sat, 14 Mar 2026 01:38:12 +0000
[12:35:00]      偵測延遲: 644208.6秒
[12:35:00]      內容: RT @realDonaldTrumpMoments ago, at my direction, the United States Central Command executed one of t...
[12:35:00]      📡 信號: ACTION(80%) (0ms)
[12:35:00]      🎯 預測: UP (80%) | 1多/0空 (0ms)
[12:35:00]      ⏱️ 全鏈路: 偵測644209s + 分類0ms + 預測0ms = 共644208.6s
[12:35:00]      💰 Polymarket: 等待錢包設定...
[12:35:00]   🆕 新推文偵測！
[12:35:00]      ID: 116224927432061954
[12:35:00]      時間: Sat, 14 Mar 2026 01:27:31 +0000
[12:35:00]      偵測延遲: 644849.6秒
[12:35:00]      內容: RT @jmclghlnStrong Majority backs @realDonaldTrump stopping Iran from getting Nukes @DanScavino @Ste...
[12:35:00]      ⚪ 無信號 (0ms)
[12:35:00]   🆕 新推文偵測！
[12:35:00]      ID: 116224905719469197
[12:35:00]      時間: Sat, 14 Mar 2026 01:22:00 +0000
[12:35:00]      偵測延遲: 645180.6秒
[12:35:00]      內容: ...
[12:35:00]      ⚪ 無信號 (0ms)
[12:35:00]   🆕 新推文偵測！
[12:35:00]      ID: 116224689822209648
[12:35:00]      時間: Sat, 14 Mar 2026 00:27:05 +0000
[12:35:00]      偵測延遲: 648475.6秒
[12:35:00]      內容: RT @realDonaldTrumpIran had plans of taking over the entire Middle East, and completely obliterating...
[12:35:00]      ⚪ 無信號 (0ms)
[12:35:00]   🆕 新推文偵測！
[12:35:00]      ID: 116224689504709938
[12:35:00]      時間: Sat, 14 Mar 2026 00:27:01 +0000
[12:35:00]      偵測延遲: 648479.6秒
[12:35:00]      內容: RT @realDonaldTrumpMoments ago, at my direction, the United States Central Command executed one of t...
[12:35:00]      📡 信號: ACTION(80%) (0ms)
[12:35:00]      🎯 預測: UP (80%) | 1多/0空 (0ms)
[12:35:00]      ⏱️ 全鏈路: 偵測648480s + 分類0ms + 預測0ms = 共648479.6s
[12:35:00]      💰 Polymarket: 等待錢包設定...
[12:35:00]   🆕 新推文偵測！
[12:35:00]      ID: 116224689141094171
[12:35:00]      時間: Sat, 14 Mar 2026 00:26:55 +0000
[12:35:00]      偵測延遲: 648485.6秒
[12:35:00]      內容: ...
[12:35:00]      ⚪ 無信號 (0ms)
[12:35:00]   🆕 新推文偵測！
[12:35:00]      ID: 116224679946844145
[12:35:00]      時間: Sat, 14 Mar 2026 00:24:35 +0000
[12:35:00]      偵測延遲: 648625.6秒
[12:35:00]      內容: RT @realDonaldTrumpIran had plans of taking over the entire Middle East, and completely obliterating...
[12:35:00]      ⚪ 無信號 (0ms)
[12:35:00]   🆕 新推文偵測！
[12:35:00]      ID: 116224679791927248
[12:35:00]      時間: Sat, 14 Mar 2026 00:24:32 +0000
[12:35:00]      偵測延遲: 648628.6秒
[12:35:00]      內容: RT @realDonaldTrumpMoments ago, at my direction, the United States Central Command executed one of t...
[12:35:00]      📡 信號: ACTION(80%) (0ms)
[12:35:00]      🎯 預測: UP (80%) | 1多/0空 (0ms)
[12:35:00]      ⏱️ 全鏈路: 偵測648629s + 分類0ms + 預測0ms = 共648628.6s
[12:35:00]      💰 Polymarket: 等待錢包設定...
[12:35:00]   🆕 新推文偵測！
[12:35:00]      ID: 116224678781425626
[12:35:00]      時間: Sat, 14 Mar 2026 00:24:17 +0000
[12:35:00]      偵測延遲: 648643.6秒
[12:35:00]      內容: ...
[12:35:00]      ⚪ 無信號 (0ms)
[12:35:00]   🆕 新推文偵測！
[12:35:00]      ID: 116224677710108561
[12:35:00]      時間: Sat, 14 Mar 2026 00:24:01 +0000
[12:35:00]      偵測延遲: 648659.6秒
[12:35:00]      內容: ...
[12:35:00]      ⚪ 無信號 (0ms)
[12:35:00]   🆕 新推文偵測！
[12:35:00]      ID: 116224645615624276
[12:35:00]      時間: Sat, 14 Mar 2026 00:15:51 +0000
[12:35:00]      偵測延遲: 649149.6秒
[12:35:00]      內容: ...
[12:35:00]      ⚪ 無信號 (0ms)
[12:35:00]   🆕 新推文偵測！
[12:35:00]      ID: 116224634088762061
[12:35:00]      時間: Sat, 14 Mar 2026 00:12:55 +0000
[12:35:00]      偵測延遲: 649325.6秒
[12:35:00]      內容: Kevin Hern, from the Wonderful State of Oklahoma (where I won all 77 out of 77 Counties, in 2016, 20...
[12:35:00]      ⚪ 無信號 (0ms)
[12:35:00]   🆕 新推文偵測！
[12:35:00]      ID: 116224631824988888
[12:35:00]      時間: Sat, 14 Mar 2026 00:12:20 +0000
[12:35:00]      偵測延遲: 649360.6秒
[12:35:00]      內容: Trump Investment Surge: Trillions Pour Into America As Economic Revival Accelerates:...
[12:35:00]      ⚪ 無信號 (0ms)
[12:35:00]   🆕 新推文偵測！
[12:35:00]      ID: 116224630912933489
[12:35:00]      時間: Sat, 14 Mar 2026 00:12:06 +0000
[12:35:00]      偵測延遲: 649374.6秒
[12:35:00]      內容: US Olympic bobsledder surprises Trump, awards him prestigious Order of Ikkos medal:...
[12:35:00]      ⚪ 無信號 (0ms)
[12:35:00]   🆕 新推文偵測！
[12:35:00]      ID: 116224629259359835
[12:35:00]      時間: Sat, 14 Mar 2026 00:11:41 +0000
[12:35:00]      偵測延遲: 649399.7秒
[12:35:00]      內容: Trump honors Virginia mom, farmer at White House Women's History Month event:...
[12:35:00]      ⚪ 無信號 (0ms)
[12:35:00]   🆕 新推文偵測！
[12:35:00]      ID: 116224627869912229
[12:35:00]      時間: Sat, 14 Mar 2026 00:11:20 +0000
[12:35:00]      偵測延遲: 649420.7秒
[12:35:00]      內容: Baltimore woman honored by President Trump during Women’s History Month:...
[12:35:00]      ⚪ 無信號 (0ms)
[12:35:00]   🆕 新推文偵測！
[12:35:00]      ID: 116224518730089644
[12:35:00]      時間: Fri, 13 Mar 2026 23:43:35 +0000
[12:35:00]      偵測延遲: 651085.7秒
[12:35:00]      內容: Iran had plans of taking over the entire Middle East, and completely obliterating Israel. JUST LIKE ...
[12:35:00]      ⚪ 無信號 (0ms)
[12:35:00]   🆕 新推文偵測！
[12:35:00]      ID: 116224324444349237
[12:35:00]      時間: Fri, 13 Mar 2026 22:54:10 +0000
[12:35:00]      偵測延遲: 654050.7秒
[12:35:00]      內容: Moments ago, at my direction, the United States Central Command executed one of the most powerful bo...
[12:35:00]      📡 信號: ACTION(80%) (0ms)
[12:35:00]      🎯 預測: UP (80%) | 1多/0空 (0ms)
[12:35:00]      ⏱️ 全鏈路: 偵測654051s + 分類0ms + 預測0ms = 共654050.7s
[12:35:00]      💰 Polymarket: 等待錢包設定...
[12:35:00]   🆕 新推文偵測！
[12:35:00]      ID: 116224183027304989
[12:35:00]      時間: Fri, 13 Mar 2026 22:18:12 +0000
[12:35:00]      偵測延遲: 656208.7秒
[12:35:00]      內容: It is my Great Honor to endorse America First Patriot, Jon Maples, who is running to represent the w...
[12:35:00]      ⚪ 無信號 (0ms)
[12:35:00]   🆕 新推文偵測！
[12:35:00]      ID: 116224179318558161
[12:35:00]      時間: Fri, 13 Mar 2026 22:17:16 +0000
[12:35:00]      偵測延遲: 656264.7秒
[12:35:00]      內容: After meeting with Governor Gretchen Whitmer, and hearing from our GREAT Republican Candidate for th...
[12:35:00]      ⚪ 無信號 (0ms)
[12:35:30] 💓 心跳: 已監控 2730 分鐘, 無新推文
[12:40:34] 💓 心跳: 已監控 2735 分鐘, 無新推文
[12:45:37] 💓 心跳: 已監控 2740 分鐘, 無新推文
[12:50:39] 💓 心跳: 已監控 2745 分鐘, 無新推文
[12:55:42] 💓 心跳: 已監控 2750 分鐘, 無新推文
[13:00:45] 💓 心跳: 已監控 2755 分鐘, 無新推文
[13:05:49] 💓 心跳: 已監控 2760 分鐘, 無新推文
[13:10:52] 💓 心跳: 已監控 2765 分鐘, 無新推文
[13:15:55] 💓 心跳: 已監控 2770 分鐘, 無新推文
[13:20:58] 💓 心跳: 已監控 2775 分鐘, 無新推文
[13:26:02] 💓 心跳: 已監控 2780 分鐘, 無新推文
[13:31:05] 💓 心跳: 已監控 2785 分鐘, 無新推文
[13:36:08] 💓 心跳: 已監控 2790 分鐘, 無新推文
[13:41:11] 💓 心跳: 已監控 2795 分鐘, 無新推文
[13:46:14] 💓 心跳: 已監控 2800 分鐘, 無新推文
[13:51:17] 💓 心跳: 已監控 2805 分鐘, 無新推文
[13:56:21] 💓 心跳: 已監控 2810 分鐘, 無新推文
[14:01:24] 💓 心跳: 已監控 2815 分鐘, 無新推文
[14:06:27] 💓 心跳: 已監控 2820 分鐘, 無新推文
[14:11:30] 💓 心跳: 已監控 2825 分鐘, 無新推文
[14:16:33] 💓 心跳: 已監控 2830 分鐘, 無新推文
[14:21:38] 💓 心跳: 已監控 2835 分鐘, 無新推文
[14:26:41] 💓 心跳: 已監控 2840 分鐘, 無新推文
[14:31:44] 💓 心跳: 已監控 2845 分鐘, 無新推文
[14:36:47] 💓 心跳: 已監控 2850 分鐘, 無新推文
[14:41:50] 💓 心跳: 已監控 2855 分鐘, 無新推文
[14:46:53] 💓 心跳: 已監控 2860 分鐘, 無新推文
[14:51:56] 💓 心跳: 已監控 2865 分鐘, 無新推文
[14:56:59] 💓 心跳: 已監控 2870 分鐘, 無新推文
[15:02:02] 💓 心跳: 已監控 2875 分鐘, 無新推文
[15:07:05] 💓 心跳: 已監控 2880 分鐘, 無新推文
[15:12:08] 💓 心跳: 已監控 2885 分鐘, 無新推文
[15:17:12] 💓 心跳: 已監控 2890 分鐘, 無新推文
[15:22:15] 💓 心跳: 已監控 2895 分鐘, 無新推文
[15:27:18] 💓 心跳: 已監控 2900 分鐘, 無新推文
[15:32:21] 💓 心跳: 已監控 2905 分鐘, 無新推文
[15:35:23] 📡 RSS 掃描: 100 篇, 1 篇新的 (412ms)
[15:35:23]   🆕 新推文偵測！
[15:35:23]      ID: 116267892671497457
[15:35:23]      時間: Sat, 21 Mar 2026 15:34:09 +0000
[15:35:23]      偵測延遲: 75.0秒
[15:35:23]      內容: If the Radical Left Democrats don’t immediately sign an agreement to let our Country, in particular,...
[15:35:23]      📡 信號: DEAL(65%), ACTION(65%) (0ms)
[15:35:23]      🎯 預測: UP (65%) | 2多/0空 (0ms)
[15:35:23]      ⏱️ 全鏈路: 偵測75s + 分類0ms + 預測0ms = 共75.0s
[15:35:23]      💰 Polymarket: 等待錢包設定...
[15:37:25] 💓 心跳: 已監控 2910 分鐘, 無新推文
[15:42:28] 💓 心跳: 已監控 2915 分鐘, 無新推文
[15:47:32] 💓 心跳: 已監控 2920 分鐘, 無新推文
[15:52:35] 💓 心跳: 已監控 2925 分鐘, 無新推文
[15:57:38] 💓 心跳: 已監控 2930 分鐘, 無新推文
[16:02:41] 💓 心跳: 已監控 2935 分鐘, 無新推文
[16:07:45] 💓 心跳: 已監控 2940 分鐘, 無新推文
[16:12:48] 💓 心跳: 已監控 2945 分鐘, 無新推文
[16:17:51] 💓 心跳: 已監控 2950 分鐘, 無新推文
[16:22:54] 💓 心跳: 已監控 2955 分鐘, 無新推文
[16:27:58] 💓 心跳: 已監控 2960 分鐘, 無新推文
[16:33:01] 💓 心跳: 已監控 2965 分鐘, 無新推文
[16:38:04] 💓 心跳: 已監控 2970 分鐘, 無新推文
[16:43:07] 💓 心跳: 已監控 2975 分鐘, 無新推文
[16:48:11] 💓 心跳: 已監控 2980 分鐘, 無新推文
[16:53:14] 💓 心跳: 已監控 2985 分鐘, 無新推文
[16:55:15] 📡 RSS 掃描: 100 篇, 1 篇新的 (299ms)
[16:55:15]   🆕 新推文偵測！
[16:55:15]      ID: 116268200625887787
[16:55:15]      時間: Sat, 21 Mar 2026 16:52:28 +0000
[16:55:15]      偵測延遲: 167.9秒
[16:55:15]      內容: Highly Respected America First Congresswoman, Julia Letlow, of the wonderful State of Louisiana, is ...
[16:55:15]      ⚪ 無信號 (0ms)
[16:58:17] 💓 心跳: 已監控 2990 分鐘, 無新推文
[17:03:20] 💓 心跳: 已監控 2995 分鐘, 無新推文
[17:08:24] 💓 心跳: 已監控 3000 分鐘, 無新推文
[17:13:26] 💓 心跳: 已監控 3005 分鐘, 無新推文
[17:18:30] 💓 心跳: 已監控 3010 分鐘, 無新推文
[17:23:34] 💓 心跳: 已監控 3015 分鐘, 無新推文
[17:28:37] 💓 心跳: 已監控 3020 分鐘, 無新推文
[17:30:39] 📡 RSS 掃描: 100 篇, 1 篇新的 (290ms)
[17:30:39]   🆕 新推文偵測！
[17:30:39]      ID: 116268334535345382
[17:30:39]      時間: Sat, 21 Mar 2026 17:26:31 +0000
[17:30:39]      偵測延遲: 248.0秒
[17:30:39]      內容: Robert Mueller just died. Good, I’m glad he’s dead. He can no longer hurt innocent people! President...
[17:30:39]      ⚪ 無信號 (0ms)
[17:33:40] 💓 心跳: 已監控 3025 分鐘, 無新推文
[17:38:44] 💓 心跳: 已監控 3030 分鐘, 無新推文
[17:43:47] 💓 心跳: 已監控 3035 分鐘, 無新推文
[17:45:18] 📡 RSS 掃描: 100 篇, 1 篇新的 (682ms)
[17:45:18]   🆕 新推文偵測！
[17:45:18]      ID: 116268396341038197
[17:45:18]      時間: Sat, 21 Mar 2026 17:42:14 +0000
[17:45:18]      偵測延遲: 184.4秒
[17:45:18]      內容: The Radical Left Democrats have hurt so many people with their vicious and uncaring ways. What they ...
[17:45:18]      ⚪ 無信號 (0ms)
[17:48:50] 💓 心跳: 已監控 3040 分鐘, 無新推文
[17:53:53] 💓 心跳: 已監控 3045 分鐘, 無新推文
[17:58:57] 💓 心跳: 已監控 3050 分鐘, 無新推文
[18:04:00] 💓 心跳: 已監控 3055 分鐘, 無新推文
[18:09:04] 💓 心跳: 已監控 3060 分鐘, 無新推文
[18:14:07] 💓 心跳: 已監控 3065 分鐘, 無新推文
[18:19:10] 💓 心跳: 已監控 3070 分鐘, 無新推文
[18:24:14] 💓 心跳: 已監控 3075 分鐘, 無新推文
[18:29:17] 💓 心跳: 已監控 3080 分鐘, 無新推文
[18:34:21] 💓 心跳: 已監控 3085 分鐘, 無新推文
[18:39:24] 💓 心跳: 已監控 3090 分鐘, 無新推文
[18:44:27] 💓 心跳: 已監控 3095 分鐘, 無新推文
[18:49:30] 💓 心跳: 已監控 3100 分鐘, 無新推文
[18:54:34] 💓 心跳: 已監控 3105 分鐘, 無新推文
[18:59:37] 💓 心跳: 已監控 3110 分鐘, 無新推文
[19:04:40] 💓 心跳: 已監控 3115 分鐘, 無新推文
[19:05:10] 📡 RSS 掃描: 100 篇, 1 篇新的 (285ms)
[19:05:10]   🆕 新推文偵測！
[19:05:10]      ID: 116268706178346879
[19:05:10]      時間: Sat, 21 Mar 2026 19:01:02 +0000
[19:05:10]      偵測延遲: 248.9秒
[19:05:10]      內容: In the early days of Mar-a-Lago!...
[19:05:10]      ⚪ 無信號 (0ms)
[19:09:44] 💓 心跳: 已監控 3120 分鐘, 無新推文
[19:14:47] 💓 心跳: 已監控 3125 分鐘, 無新推文
[19:19:51] 💓 心跳: 已監控 3130 分鐘, 無新推文
[19:24:54] 💓 心跳: 已監控 3135 分鐘, 無新推文
[19:29:57] 💓 心跳: 已監控 3140 分鐘, 無新推文
[19:35:01] 💓 心跳: 已監控 3145 分鐘, 無新推文
[19:40:04] 💓 心跳: 已監控 3150 分鐘, 無新推文
[19:45:08] 💓 心跳: 已監控 3155 分鐘, 無新推文
[19:50:11] 💓 心跳: 已監控 3160 分鐘, 無新推文
[19:55:14] 💓 心跳: 已監控 3165 分鐘, 無新推文
[20:00:18] 💓 心跳: 已監控 3170 分鐘, 無新推文
[20:05:21] 💓 心跳: 已監控 3175 分鐘, 無新推文
[20:10:24] 💓 心跳: 已監控 3180 分鐘, 無新推文
[20:15:27] 💓 心跳: 已監控 3185 分鐘, 無新推文
[20:20:31] 💓 心跳: 已監控 3190 分鐘, 無新推文
[20:25:34] 💓 心跳: 已監控 3195 分鐘, 無新推文
[20:30:38] 💓 心跳: 已監控 3200 分鐘, 無新推文
[20:35:42] 💓 心跳: 已監控 3205 分鐘, 無新推文
[20:40:45] 💓 心跳: 已監控 3210 分鐘, 無新推文
[20:45:48] 💓 心跳: 已監控 3215 分鐘, 無新推文
[20:50:51] 💓 心跳: 已監控 3220 分鐘, 無新推文
[20:55:55] 💓 心跳: 已監控 3225 分鐘, 無新推文
[21:00:58] 💓 心跳: 已監控 3230 分鐘, 無新推文
[21:06:01] 💓 心跳: 已監控 3235 分鐘, 無新推文
[21:11:05] 💓 心跳: 已監控 3240 分鐘, 無新推文
[21:16:08] 💓 心跳: 已監控 3245 分鐘, 無新推文
[21:21:11] 💓 心跳: 已監控 3250 分鐘, 無新推文
[21:26:15] 💓 心跳: 已監控 3255 分鐘, 無新推文
[21:31:18] 💓 心跳: 已監控 3260 分鐘, 無新推文
[21:36:21] 💓 心跳: 已監控 3265 分鐘, 無新推文
[21:41:24] 💓 心跳: 已監控 3270 分鐘, 無新推文
[21:46:27] 💓 心跳: 已監控 3275 分鐘, 無新推文
[21:51:30] 💓 心跳: 已監控 3280 分鐘, 無新推文
[21:56:33] 💓 心跳: 已監控 3285 分鐘, 無新推文
[22:01:37] 💓 心跳: 已監控 3290 分鐘, 無新推文
[22:06:40] 💓 心跳: 已監控 3295 分鐘, 無新推文
[22:11:43] 💓 心跳: 已監控 3300 分鐘, 無新推文
[22:15:16] 📡 RSS 掃描: 100 篇, 1 篇新的 (409ms)
[22:15:16]   🆕 新推文偵測！
[22:15:16]      ID: 116269463539535135
[22:15:16]      時間: Sat, 21 Mar 2026 22:13:38 +0000
[22:15:16]      偵測延遲: 98.3秒
[22:15:16]      內容: The Democrats want to give our Country away to the illegals who they allowed to pour through our now...
[22:15:16]      ⚪ 無信號 (0ms)
[22:16:47] 💓 心跳: 已監控 3305 分鐘, 無新推文
[22:21:50] 💓 心跳: 已監控 3310 分鐘, 無新推文
[22:26:53] 💓 心跳: 已監控 3315 分鐘, 無新推文
[06:58:25] 📡 RSS 掃描: 100 篇, 3 篇新的 (313ms)
[06:58:25]   🆕 新推文偵測！
[06:58:25]      ID: 116270371600659894
[06:58:25]      時間: Sun, 22 Mar 2026 02:04:34 +0000
[06:58:25]      偵測延遲: 17631.5秒
[06:58:25]      內容: Tina Peters, a 73-year-old woman with cancer, was given a nine year jail sentence in Colorado becaus...
[06:58:25]      ⚪ 無信號 (0ms)
[06:58:25]   🆕 新推文偵測！
[06:58:25]      ID: 116269822349947644
[06:58:25]      時間: Sat, 21 Mar 2026 23:44:53 +0000
[06:58:25]      偵測延遲: 26012.5秒
[06:58:25]      內容: If Iran doesn’t FULLY OPEN, WITHOUT THREAT, the Strait of Hormuz, within 48 HOURS from this exact po...
[06:58:25]      ⚪ 無信號 (0ms)
[06:58:25]   🆕 新推文偵測！
[06:58:25]      ID: 116269555618597105
[06:58:25]      時間: Sat, 21 Mar 2026 22:37:03 +0000
[06:58:25]      偵測延遲: 30082.5秒
[06:58:25]      內容: The United States has blown Iran off of the map, and yet their lightweight analyst, David Sanger, sa...
[06:58:25]      📡 信號: DEAL(65%) (0ms)
[06:58:25]      🎯 預測: UP (65%) | 1多/0空 (0ms)
[06:58:25]      ⏱️ 全鏈路: 偵測30082s + 分類0ms + 預測0ms = 共30082.5s
[06:58:25]      💰 Polymarket: 等待錢包設定...
[13:14:09] 📡 RSS 掃描: 100 篇, 13 篇新的 (588ms)
[13:14:09]   🆕 新推文偵測！
[13:14:09]      ID: 116272810363139207
[13:14:09]      時間: Sun, 22 Mar 2026 12:24:47 +0000
[13:14:09]      偵測延遲: 2962.4秒
[13:14:09]      內容: Now with the death of Iran, the greatest enemy America has is the Radical Left, Highly Incompetent, ...
[13:14:09]      ⚪ 無信號 (32ms)
[13:14:09]   🆕 新推文偵測！
[13:14:09]      ID: 116272781567092047
[13:14:09]      時間: Sun, 22 Mar 2026 12:17:27 +0000
[13:14:09]      偵測延遲: 3402.4秒
[13:14:09]      內容: https://truthsocial.com/users/CrazyCatRescuer/statuses/116268355575900202...
[13:14:09]      ⚪ 無信號 (2ms)
[13:14:09]   🆕 新推文偵測！
[13:14:09]      ID: 116272771861671364
[13:14:09]      時間: Sun, 22 Mar 2026 12:14:59 +0000
[13:14:09]      偵測延遲: 3550.4秒
[13:14:09]      內容: https://truthsocial.com/@IStandWithTrump47/116269851029760378...
[13:14:09]      ⚪ 無信號 (3ms)
[13:14:09]   🆕 新推文偵測！
[13:14:09]      ID: 116272769184615047
[13:14:09]      時間: Sun, 22 Mar 2026 12:14:18 +0000
[13:14:09]      偵測延遲: 3591.4秒
[13:14:09]      內容: https://truthsocial.com/@IStandWithTrump47/116272413318941729...
[13:14:09]      ⚪ 無信號 (2ms)
[13:14:09]   🆕 新推文偵測！
[13:14:09]      ID: 116272764873568314
[13:14:09]      時間: Sun, 22 Mar 2026 12:13:12 +0000
[13:14:09]      偵測延遲: 3657.4秒
[13:14:09]      內容: https://truthsocial.com/@IStandWithTrump47/116164006155671847...
[13:14:09]      ⚪ 無信號 (2ms)
[13:14:09]   🆕 新推文偵測！
[13:14:09]      ID: 116272758840855213
[13:14:09]      時間: Sun, 22 Mar 2026 12:11:40 +0000
[13:14:09]      偵測延遲: 3749.4秒
[13:14:09]      內容: RT @IStandWithTrump47...
[13:14:09]      ⚪ 無信號 (2ms)
[13:14:09]   🆕 新推文偵測！
[13:14:09]      ID: 116272718379902051
[13:14:09]      時間: Sun, 22 Mar 2026 12:01:23 +0000
[13:14:09]      偵測延遲: 4366.4秒
[13:14:09]      內容: RT @realDonaldTrumpThe Radical Left Democrats have hurt so many people with their vicious and uncari...
[13:14:09]      ⚪ 無信號 (1ms)
[13:14:09]   🆕 新推文偵測！
[13:14:09]      ID: 116272717021267123
[13:14:09]      時間: Sun, 22 Mar 2026 12:01:02 +0000
[13:14:09]      偵測延遲: 4387.4秒
[13:14:09]      內容: RT @realDonaldTrumpThe Democrats want to give our Country away to the illegals who they allowed to p...
[13:14:09]      ⚪ 無信號 (2ms)
[13:14:09]   🆕 新推文偵測！
[13:14:09]      ID: 116272713025328785
[13:14:09]      時間: Sun, 22 Mar 2026 12:00:01 +0000
[13:14:09]      偵測延遲: 4448.4秒
[13:14:09]      內容: On Monday, ICE will be going to airports to help our wonderful TSA Agents who have stayed on the job...
[13:14:09]      📡 信號: DEAL(65%) (2ms)
[13:14:09]      🎯 預測: UP (65%) | 1多/0空 (0ms)
[13:14:09]      ⏱️ 全鏈路: 偵測4448s + 分類2ms + 預測0ms = 共4448.5s
[13:14:09]      💰 Polymarket: 等待錢包設定...
[13:14:09]      📝 即時快報生成中...
[13:14:09]   🆕 新推文偵測！
[13:14:09]      ID: 116270371600659894
[13:14:09]      時間: Sun, 22 Mar 2026 02:04:34 +0000
[13:14:09]      偵測延遲: 40175.5秒
[13:14:09]      內容: Tina Peters, a 73-year-old woman with cancer, was given a nine year jail sentence in Colorado becaus...
[13:14:09]      ⚪ 無信號 (3ms)
[13:14:09]   🆕 新推文偵測！
[13:14:09]      ID: 116269822349947644
[13:14:09]      📝 即時快報完成：0/3 語言成功
[13:14:09]      時間: Sat, 21 Mar 2026 23:44:53 +0000
[13:14:09]      偵測延遲: 48556.5秒
[13:14:09]      內容: If Iran doesn’t FULLY OPEN, WITHOUT THREAT, the Strait of Hormuz, within 48 HOURS from this exact po...
[13:14:09]      ⚪ 無信號 (3ms)
[13:14:09]   🆕 新推文偵測！
[13:14:09]      ID: 116269555618597105
[13:14:09]      時間: Sat, 21 Mar 2026 22:37:03 +0000
[13:14:09]      偵測延遲: 52626.5秒
[13:14:09]      內容: The United States has blown Iran off of the map, and yet their lightweight analyst, David Sanger, sa...
[13:14:09]      📡 信號: DEAL(65%) (2ms)
[13:14:09]      🎯 預測: UP (65%) | 1多/0空 (0ms)
[13:14:09]      ⏱️ 全鏈路: 偵測52626s + 分類2ms + 預測0ms = 共52626.5s
[13:14:09]      💰 Polymarket: 等待錢包設定...
[13:14:09]      📝 即時快報生成中...
[13:14:09]   🆕 新推文偵測！
[13:14:09]      ID: 116268359334496973
[13:14:09]      時間: Sat, 21 Mar 2026 17:32:49 +0000
[13:14:09]      偵測延遲: 70880.5秒
[13:14:09]      內容: ...
[13:14:09]      ⚪ 無信號 (2ms)
[13:14:09]      📝 即時快報完成：0/3 語言成功
[13:15:41] 💓 心跳: 已監控 10 分鐘, 無新推文
[13:20:45] 💓 心跳: 已監控 15 分鐘, 無新推文
[13:25:51] 💓 心跳: 已監控 20 分鐘, 無新推文
[13:30:56] 💓 心跳: 已監控 25 分鐘, 無新推文
[13:35:31] 📡 RSS 掃描: 100 篇, 2 篇新的 (401ms)
[13:35:31]   🆕 新推文偵測！
[13:35:31]      ID: 116273083861419785
[13:35:31]      時間: Sun, 22 Mar 2026 13:34:20 +0000
[13:35:31]      偵測延遲: 71.5秒
[13:35:31]      內容: THE LIES OF ROBERT MUELLER AND HIS CRIMINAL GANG:...
[13:35:31]      ⚪ 無信號 (4ms)
[13:35:31]   🆕 新推文偵測！
[13:35:31]      ID: 116273082320286134
[13:35:31]      時間: Sun, 22 Mar 2026 13:33:56 +0000
[13:35:31]      偵測延遲: 95.5秒
[13:35:31]      內容: SAVE America Act Hits the Achilles Heel of Democrats’ Fraud Scheme:...
[13:35:31]      ⚪ 無信號 (3ms)
[13:36:02] 💓 心跳: 已監控 30 分鐘, 無新推文
[13:41:07] 💓 心跳: 已監控 35 分鐘, 無新推文
[13:46:11] 💓 心跳: 已監控 40 分鐘, 無新推文
[13:50:16] 📡 RSS 掃描: 100 篇, 2 篇新的 (328ms)
[13:50:16]   🆕 新推文偵測！
[13:50:16]      ID: 116273130324592463
[13:50:16]      時間: Sun, 22 Mar 2026 13:46:09 +0000
[13:50:16]      偵測延遲: 247.4秒
[13:50:16]      內容: RT: https://truthsocial.com/users/realDonaldTrump/statuses/116273127672345044...
[13:50:16]      ⚪ 無信號 (4ms)
[13:50:16]   🆕 新推文偵測！
[13:50:16]      ID: 116273127672345044
[13:50:16]      時間: Sun, 22 Mar 2026 13:45:28 +0000
[13:50:16]      偵測延遲: 288.5秒
[13:50:16]      內容: ...
[13:50:16]      ⚪ 無信號 (4ms)
[13:51:17] 💓 心跳: 已監控 45 分鐘, 無新推文
[13:56:22] 💓 心跳: 已監控 50 分鐘, 無新推文
[14:01:27] 💓 心跳: 已監控 55 分鐘, 無新推文
[14:06:32] 💓 心跳: 已監控 60 分鐘, 無新推文
[14:11:36] 💓 心跳: 已監控 65 分鐘, 無新推文
[14:16:41] 💓 心跳: 已監控 70 分鐘, 無新推文
[14:21:46] 💓 心跳: 已監控 75 分鐘, 無新推文
[14:26:50] 💓 心跳: 已監控 80 分鐘, 無新推文
[14:31:54] 💓 心跳: 已監控 85 分鐘, 無新推文
[14:36:58] 💓 心跳: 已監控 90 分鐘, 無新推文
[14:42:03] 💓 心跳: 已監控 95 分鐘, 無新推文
[14:45:36] 📡 RSS 掃描: 100 篇, 1 篇新的 (379ms)
[14:45:36]   🆕 新推文偵測！
[14:45:36]      ID: 116273344803042793
[14:45:36]      時間: Sun, 22 Mar 2026 14:40:41 +0000
[14:45:36]      偵測延遲: 295.8秒
[14:45:36]      內容: Schumer got “discombobulated” in the Senate yesterday, and said, “WE MUST FUND ICE,” prior to correc...
[14:45:36]      ⚪ 無信號 (4ms)
[14:46:07] 📡 RSS 掃描: 100 篇, 1 篇新的 (498ms)
[14:46:07]   🆕 新推文偵測！
[14:46:07]      ID: 116273343074887409
[14:46:07]      時間: Sun, 22 Mar 2026 14:40:15 +0000
[14:46:07]      偵測延遲: 352.4秒
[14:46:07]      內容: The Democrat running in Texas, James Talarico, turns out to be a FRAUD! It showed after the Election...
[14:46:07]      📡 信號: ACTION(75%), BEARISH(75%) (4ms)
[14:46:07]      🎯 預測: NEUTRAL (30%) | 1多/1空 (0ms)
[14:46:07]      ⏱️ 全鏈路: 偵測352s + 分類4ms + 預測0ms = 共352.4s
[14:46:07]      💰 Polymarket: 等待錢包設定...
[14:47:08] 💓 心跳: 已監控 100 分鐘, 無新推文
[14:52:13] 💓 心跳: 已監控 105 分鐘, 無新推文
[14:57:17] 💓 心跳: 已監控 110 分鐘, 無新推文
[15:00:20] 📡 RSS 掃描: 100 篇, 1 篇新的 (435ms)
[15:00:20]   🆕 新推文偵測！
[15:00:20]      ID: 116273404107454540
[15:00:20]      時間: Sun, 22 Mar 2026 14:55:46 +0000
[15:00:20]      偵測延遲: 274.3秒
[15:00:20]      內容: ...
[15:00:20]      ⚪ 無信號 (4ms)
[15:02:22] 💓 心跳: 已監控 115 分鐘, 無新推文
[15:07:26] 💓 心跳: 已監控 120 分鐘, 無新推文
[15:12:32] 💓 心跳: 已監控 125 分鐘, 無新推文
[15:17:37] 💓 心跳: 已監控 130 分鐘, 無新推文
[15:22:42] 💓 心跳: 已監控 135 分鐘, 無新推文
[15:27:47] 💓 心跳: 已監控 140 分鐘, 無新推文
[15:32:53] 💓 心跳: 已監控 145 分鐘, 無新推文
[15:37:57] 💓 心跳: 已監控 150 分鐘, 無新推文
[15:43:02] 💓 心跳: 已監控 155 分鐘, 無新推文
[15:48:06] 💓 心跳: 已監控 160 分鐘, 無新推文
[15:53:11] 💓 心跳: 已監控 165 分鐘, 無新推文
[15:58:16] 💓 心跳: 已監控 170 分鐘, 無新推文
[16:03:20] 💓 心跳: 已監控 175 分鐘, 無新推文
[16:08:25] 💓 心跳: 已監控 180 分鐘, 無新推文
[16:13:29] 💓 心跳: 已監控 185 分鐘, 無新推文
[16:18:35] 💓 心跳: 已監控 190 分鐘, 無新推文
[16:23:39] 💓 心跳: 已監控 195 分鐘, 無新推文
[16:28:44] 💓 心跳: 已監控 200 分鐘, 無新推文
[16:33:49] 💓 心跳: 已監控 205 分鐘, 無新推文
[16:38:53] 💓 心跳: 已監控 210 分鐘, 無新推文
[16:43:58] 💓 心跳: 已監控 215 分鐘, 無新推文
[16:49:03] 💓 心跳: 已監控 220 分鐘, 無新推文
[16:54:08] 💓 心跳: 已監控 225 分鐘, 無新推文
[16:59:13] 💓 心跳: 已監控 230 分鐘, 無新推文
[17:04:18] 💓 心跳: 已監控 235 分鐘, 無新推文
[17:09:24] 💓 心跳: 已監控 240 分鐘, 無新推文
[17:14:29] 💓 心跳: 已監控 245 分鐘, 無新推文
[17:19:34] 💓 心跳: 已監控 250 分鐘, 無新推文
[17:24:40] 💓 心跳: 已監控 255 分鐘, 無新推文
[17:29:45] 💓 心跳: 已監控 260 分鐘, 無新推文
[17:34:50] 💓 心跳: 已監控 265 分鐘, 無新推文
[17:39:56] 💓 心跳: 已監控 270 分鐘, 無新推文
[17:45:01] 💓 心跳: 已監控 275 分鐘, 無新推文
[17:50:07] 💓 心跳: 已監控 280 分鐘, 無新推文
[17:55:12] 💓 心跳: 已監控 285 分鐘, 無新推文
[18:00:17] 💓 心跳: 已監控 290 分鐘, 無新推文
[18:05:22] 💓 心跳: 已監控 295 分鐘, 無新推文
[18:10:27] 💓 心跳: 已監控 300 分鐘, 無新推文
[18:15:33] 💓 心跳: 已監控 305 分鐘, 無新推文
[18:20:38] 💓 心跳: 已監控 310 分鐘, 無新推文
[18:25:43] 💓 心跳: 已監控 315 分鐘, 無新推文
[18:30:49] 💓 心跳: 已監控 320 分鐘, 無新推文
[18:35:54] 💓 心跳: 已監控 325 分鐘, 無新推文
[18:41:00] 💓 心跳: 已監控 330 分鐘, 無新推文
[18:46:04] 💓 心跳: 已監控 335 分鐘, 無新推文
[18:51:09] 💓 心跳: 已監控 340 分鐘, 無新推文
[18:56:14] 💓 心跳: 已監控 345 分鐘, 無新推文
[19:01:19] 💓 心跳: 已監控 350 分鐘, 無新推文
[19:06:24] 💓 心跳: 已監控 355 分鐘, 無新推文
[19:11:30] 💓 心跳: 已監控 360 分鐘, 無新推文
[19:16:35] 💓 心跳: 已監控 365 分鐘, 無新推文
[19:21:41] 💓 心跳: 已監控 370 分鐘, 無新推文
[19:26:46] 💓 心跳: 已監控 375 分鐘, 無新推文
[19:31:52] 💓 心跳: 已監控 380 分鐘, 無新推文
[19:36:57] 💓 心跳: 已監控 385 分鐘, 無新推文
[19:42:03] 💓 心跳: 已監控 390 分鐘, 無新推文
[19:47:08] 💓 心跳: 已監控 395 分鐘, 無新推文
[19:52:13] 💓 心跳: 已監控 400 分鐘, 無新推文
[19:57:19] 💓 心跳: 已監控 405 分鐘, 無新推文
[20:02:24] 💓 心跳: 已監控 410 分鐘, 無新推文
[20:07:30] 💓 心跳: 已監控 415 分鐘, 無新推文
[20:12:36] 💓 心跳: 已監控 420 分鐘, 無新推文
[20:17:42] 💓 心跳: 已監控 425 分鐘, 無新推文
[20:22:48] 💓 心跳: 已監控 430 分鐘, 無新推文
[20:27:54] 💓 心跳: 已監控 435 分鐘, 無新推文
[20:33:00] 💓 心跳: 已監控 440 分鐘, 無新推文
[20:38:06] 💓 心跳: 已監控 445 分鐘, 無新推文
[20:43:11] 💓 心跳: 已監控 450 分鐘, 無新推文
[20:48:16] 💓 心跳: 已監控 455 分鐘, 無新推文
[20:53:21] 💓 心跳: 已監控 460 分鐘, 無新推文
[20:58:27] 💓 心跳: 已監控 465 分鐘, 無新推文
[21:03:32] 💓 心跳: 已監控 470 分鐘, 無新推文
[21:08:37] 💓 心跳: 已監控 475 分鐘, 無新推文
[21:13:44] 💓 心跳: 已監控 480 分鐘, 無新推文
[21:18:49] 💓 心跳: 已監控 485 分鐘, 無新推文
[21:23:54] 💓 心跳: 已監控 490 分鐘, 無新推文
[21:28:59] 💓 心跳: 已監控 495 分鐘, 無新推文
[21:34:04] 💓 心跳: 已監控 500 分鐘, 無新推文
[21:39:10] 💓 心跳: 已監控 505 分鐘, 無新推文
[21:44:15] 💓 心跳: 已監控 510 分鐘, 無新推文
[21:49:20] 💓 心跳: 已監控 515 分鐘, 無新推文
[21:54:25] 💓 心跳: 已監控 520 分鐘, 無新推文
[21:59:31] 💓 心跳: 已監控 525 分鐘, 無新推文
[22:04:37] 💓 心跳: 已監控 530 分鐘, 無新推文
[22:09:42] 💓 心跳: 已監控 535 分鐘, 無新推文
[22:14:47] 💓 心跳: 已監控 540 分鐘, 無新推文
[22:19:53] 💓 心跳: 已監控 545 分鐘, 無新推文
[22:24:59] 💓 心跳: 已監控 550 分鐘, 無新推文
[22:30:04] 💓 心跳: 已監控 555 分鐘, 無新推文
[22:35:09] 💓 心跳: 已監控 560 分鐘, 無新推文
[22:40:14] 💓 心跳: 已監控 565 分鐘, 無新推文
[22:45:20] 💓 心跳: 已監控 570 分鐘, 無新推文
[22:50:25] 💓 心跳: 已監控 575 分鐘, 無新推文
[22:55:30] 💓 心跳: 已監控 580 分鐘, 無新推文
[23:00:35] 💓 心跳: 已監控 585 分鐘, 無新推文
[23:05:41] 💓 心跳: 已監控 590 分鐘, 無新推文
[23:10:46] 💓 心跳: 已監控 595 分鐘, 無新推文
[23:15:51] 💓 心跳: 已監控 600 分鐘, 無新推文
[23:20:56] 💓 心跳: 已監控 605 分鐘, 無新推文
[23:26:02] 💓 心跳: 已監控 610 分鐘, 無新推文
[23:31:07] 💓 心跳: 已監控 615 分鐘, 無新推文
[23:36:12] 💓 心跳: 已監控 620 分鐘, 無新推文
[23:41:17] 💓 心跳: 已監控 625 分鐘, 無新推文
[23:46:23] 💓 心跳: 已監控 630 分鐘, 無新推文
[23:51:27] 💓 心跳: 已監控 635 分鐘, 無新推文
[23:56:32] 💓 心跳: 已監控 640 分鐘, 無新推文
[00:01:38] 💓 心跳: 已監控 645 分鐘, 無新推文
[00:06:43] 💓 心跳: 已監控 650 分鐘, 無新推文
[00:11:49] 💓 心跳: 已監控 655 分鐘, 無新推文
[00:16:54] 💓 心跳: 已監控 660 分鐘, 無新推文
[00:22:00] 💓 心跳: 已監控 665 分鐘, 無新推文
[00:27:05] 💓 心跳: 已監控 670 分鐘, 無新推文
[00:32:10] 💓 心跳: 已監控 675 分鐘, 無新推文
[00:35:13] 📡 RSS 掃描: 100 篇, 1 篇新的 (352ms)
[00:35:13]   🆕 新推文偵測！
[00:35:13]      ID: 116275668825285445
[00:35:13]      時間: Mon, 23 Mar 2026 00:31:43 +0000
[00:35:13]      偵測延遲: 210.7秒
[00:35:13]      內容: I don’t think we should make any deal with the Crazy, Country Destroying, Radical Left Democrats unl...
[00:35:13]      📡 信號: DEAL(75%), RELIEF(75%), BEARISH(75%) (5ms)
[00:35:13]      🎯 預測: UP (75%) | 2多/1空 (0ms)
[00:35:13]      ⏱️ 全鏈路: 偵測211s + 分類5ms + 預測0ms = 共210.7s
[00:35:13]      💰 Polymarket: 等待錢包設定...
[00:35:13]      📝 即時快報生成中...
[00:35:13]      📝 即時快報完成：0/3 語言成功
[00:37:15] 💓 心跳: 已監控 680 分鐘, 無新推文
[00:42:19] 💓 心跳: 已監控 685 分鐘, 無新推文
[00:47:25] 💓 心跳: 已監控 690 分鐘, 無新推文
[00:52:30] 💓 心跳: 已監控 695 分鐘, 無新推文
[00:57:35] 💓 心跳: 已監控 700 分鐘, 無新推文
[01:02:40] 💓 心跳: 已監控 705 分鐘, 無新推文
[01:07:46] 💓 心跳: 已監控 710 分鐘, 無新推文
[01:12:51] 💓 心跳: 已監控 715 分鐘, 無新推文
[01:17:56] 💓 心跳: 已監控 720 分鐘, 無新推文
[01:23:01] 💓 心跳: 已監控 725 分鐘, 無新推文
[01:28:05] 💓 心跳: 已監控 730 分鐘, 無新推文
[01:33:10] 💓 心跳: 已監控 735 分鐘, 無新推文
[01:38:15] 💓 心跳: 已監控 740 分鐘, 無新推文
[01:43:20] 💓 心跳: 已監控 745 分鐘, 無新推文
[01:48:24] 💓 心跳: 已監控 750 分鐘, 無新推文
[01:53:28] 💓 心跳: 已監控 755 分鐘, 無新推文
[01:58:33] 💓 心跳: 已監控 760 分鐘, 無新推文
[02:03:37] 💓 心跳: 已監控 765 分鐘, 無新推文
[02:08:42] 💓 心跳: 已監控 770 分鐘, 無新推文
[02:13:46] 💓 心跳: 已監控 775 分鐘, 無新推文
[02:18:52] 💓 心跳: 已監控 780 分鐘, 無新推文
[02:23:56] 💓 心跳: 已監控 785 分鐘, 無新推文
[02:29:01] 💓 心跳: 已監控 790 分鐘, 無新推文
[02:34:07] 💓 心跳: 已監控 795 分鐘, 無新推文
[02:39:12] 💓 心跳: 已監控 800 分鐘, 無新推文
[02:44:16] 💓 心跳: 已監控 805 分鐘, 無新推文
[02:49:21] 💓 心跳: 已監控 810 分鐘, 無新推文
[02:54:25] 💓 心跳: 已監控 815 分鐘, 無新推文
[02:59:29] 💓 心跳: 已監控 820 分鐘, 無新推文
[03:04:34] 💓 心跳: 已監控 825 分鐘, 無新推文
[03:09:38] 💓 心跳: 已監控 830 分鐘, 無新推文
[03:14:43] 💓 心跳: 已監控 835 分鐘, 無新推文
[03:19:48] 💓 心跳: 已監控 840 分鐘, 無新推文
[03:24:53] 💓 心跳: 已監控 845 分鐘, 無新推文
[03:29:59] 💓 心跳: 已監控 850 分鐘, 無新推文
[03:35:04] 💓 心跳: 已監控 855 分鐘, 無新推文
[03:40:09] 💓 心跳: 已監控 860 分鐘, 無新推文
[03:45:14] 💓 心跳: 已監控 865 分鐘, 無新推文
[03:50:19] 📡 RSS 掃描: 100 篇, 1 篇新的 (405ms)
[03:50:19]   🆕 新推文偵測！
[03:50:19]      ID: 116276442445755599
[03:50:19]      時間: Mon, 23 Mar 2026 03:48:28 +0000
[03:50:19]      偵測延遲: 111.1秒
[03:50:19]      內容: PEACE THROUGH STRENGTH, TO PUT IT MILDLY!!!...
[03:50:19]      ⚪ 無信號 (4ms)
[03:55:24] 💓 心跳: 已監控 875 分鐘, 無新推文
[04:00:28] 💓 心跳: 已監控 880 分鐘, 無新推文
[04:00:28] 📝 每日文章觸發：生成 2026-03-22 三語分析...
[04:00:30] 📝 文章完成：0/3 語言成功
[04:00:33] 📝 Git push 完成
[04:05:37] 💓 心跳: 已監控 885 分鐘, 無新推文
[04:10:42] 💓 心跳: 已監控 890 分鐘, 無新推文
[04:15:47] 💓 心跳: 已監控 895 分鐘, 無新推文
[04:20:52] 💓 心跳: 已監控 900 分鐘, 無新推文
[04:25:58] 💓 心跳: 已監控 905 分鐘, 無新推文
[04:31:02] 💓 心跳: 已監控 910 分鐘, 無新推文
[04:36:08] 💓 心跳: 已監控 915 分鐘, 無新推文
[04:41:12] 💓 心跳: 已監控 920 分鐘, 無新推文
[04:46:17] 💓 心跳: 已監控 925 分鐘, 無新推文
[04:51:22] 💓 心跳: 已監控 930 分鐘, 無新推文
[04:56:27] 💓 心跳: 已監控 935 分鐘, 無新推文
[05:01:33] 💓 心跳: 已監控 940 分鐘, 無新推文
[05:06:37] 💓 心跳: 已監控 945 分鐘, 無新推文
[05:11:42] 💓 心跳: 已監控 950 分鐘, 無新推文
[05:16:47] 💓 心跳: 已監控 955 分鐘, 無新推文
[05:21:52] 💓 心跳: 已監控 960 分鐘, 無新推文
[05:26:57] 💓 心跳: 已監控 965 分鐘, 無新推文
[05:32:02] 💓 心跳: 已監控 970 分鐘, 無新推文
[05:37:06] 💓 心跳: 已監控 975 分鐘, 無新推文
[05:42:11] 💓 心跳: 已監控 980 分鐘, 無新推文
[05:47:15] 💓 心跳: 已監控 985 分鐘, 無新推文
[05:52:20] 💓 心跳: 已監控 990 分鐘, 無新推文
[05:57:25] 💓 心跳: 已監控 995 分鐘, 無新推文
[06:02:30] 💓 心跳: 已監控 1000 分鐘, 無新推文
[06:07:35] 💓 心跳: 已監控 1005 分鐘, 無新推文
[06:12:39] 💓 心跳: 已監控 1010 分鐘, 無新推文
[06:17:43] 💓 心跳: 已監控 1015 分鐘, 無新推文
[06:22:48] 💓 心跳: 已監控 1020 分鐘, 無新推文
[06:27:53] 💓 心跳: 已監控 1025 分鐘, 無新推文
[06:32:59] 💓 心跳: 已監控 1030 分鐘, 無新推文
[06:38:03] 💓 心跳: 已監控 1035 分鐘, 無新推文
[06:43:08] 💓 心跳: 已監控 1040 分鐘, 無新推文
[06:48:13] 💓 心跳: 已監控 1045 分鐘, 無新推文
[06:53:18] 💓 心跳: 已監控 1050 分鐘, 無新推文
[06:58:22] 💓 心跳: 已監控 1055 分鐘, 無新推文
[07:03:27] 💓 心跳: 已監控 1060 分鐘, 無新推文
[07:08:31] 💓 心跳: 已監控 1065 分鐘, 無新推文
[07:13:36] 💓 心跳: 已監控 1070 分鐘, 無新推文
[07:18:41] 💓 心跳: 已監控 1075 分鐘, 無新推文
[07:23:46] 💓 心跳: 已監控 1080 分鐘, 無新推文
[07:28:50] 💓 心跳: 已監控 1085 分鐘, 無新推文
[07:33:55] 💓 心跳: 已監控 1090 分鐘, 無新推文
[07:39:00] 💓 心跳: 已監控 1095 分鐘, 無新推文
[07:44:05] 💓 心跳: 已監控 1100 分鐘, 無新推文
[07:49:09] 💓 心跳: 已監控 1105 分鐘, 無新推文
[07:54:15] 💓 心跳: 已監控 1110 分鐘, 無新推文
[07:59:19] 💓 心跳: 已監控 1115 分鐘, 無新推文
[08:04:24] 💓 心跳: 已監控 1120 分鐘, 無新推文
[08:09:29] 💓 心跳: 已監控 1125 分鐘, 無新推文
[08:14:33] 💓 心跳: 已監控 1130 分鐘, 無新推文
[08:19:38] 💓 心跳: 已監控 1135 分鐘, 無新推文
[08:24:43] 💓 心跳: 已監控 1140 分鐘, 無新推文
[08:29:47] 💓 心跳: 已監控 1145 分鐘, 無新推文
[08:34:52] 💓 心跳: 已監控 1150 分鐘, 無新推文
[08:39:56] 💓 心跳: 已監控 1155 分鐘, 無新推文
[08:45:01] 💓 心跳: 已監控 1160 分鐘, 無新推文
[08:50:05] 💓 心跳: 已監控 1165 分鐘, 無新推文
[08:55:10] 💓 心跳: 已監控 1170 分鐘, 無新推文
[09:00:15] 💓 心跳: 已監控 1175 分鐘, 無新推文
[09:05:19] 💓 心跳: 已監控 1180 分鐘, 無新推文
[09:10:23] 💓 心跳: 已監控 1185 分鐘, 無新推文
[09:15:28] 💓 心跳: 已監控 1190 分鐘, 無新推文
[09:20:32] 💓 心跳: 已監控 1195 分鐘, 無新推文
[09:25:37] 💓 心跳: 已監控 1200 分鐘, 無新推文
[09:30:43] 💓 心跳: 已監控 1205 分鐘, 無新推文
[09:35:48] 💓 心跳: 已監控 1210 分鐘, 無新推文
[09:40:53] 💓 心跳: 已監控 1215 分鐘, 無新推文
[09:45:58] 💓 心跳: 已監控 1220 分鐘, 無新推文
[09:49:30] =======================================================
[09:49:30] 🔴 Trump RSS 高頻監控器
[09:49:30]    來源: https://www.trumpstruth.org/feed
[09:49:30]    間隔: 30 秒
[09:49:30] =======================================================
[09:49:40] 測試模式: RSS 100 篇, 354ms
[09:49:40]   🆕 新推文偵測！
[09:49:40]      ID: 116276442445755599
[09:49:40]      時間: Mon, 23 Mar 2026 03:48:28 +0000
[09:49:40]      偵測延遲: 21672.4秒
[09:49:40]      內容: PEACE THROUGH STRENGTH, TO PUT IT MILDLY!!!...
[09:49:51]      📡 信號: THREAT(40%), BULLISH(30%) (11177ms)
[09:49:51]      🎯 預測: NEUTRAL (30%) | 1多/1空 (0ms)
[09:49:51]      ⏱️ 全鏈路: 偵測21672s + 分類11177ms + 預測0ms = 共21683.6s
[09:49:51]      💰 Polymarket: 等待錢包設定...
[09:54:05] 💓 心跳: 已監控 5 分鐘, 無新推文
[09:59:09] 💓 心跳: 已監控 10 分鐘, 無新推文
[10:04:14] 💓 心跳: 已監控 15 分鐘, 無新推文
[10:09:18] 💓 心跳: 已監控 20 分鐘, 無新推文
[10:14:23] 💓 心跳: 已監控 25 分鐘, 無新推文
[10:19:28] 💓 心跳: 已監控 30 分鐘, 無新推文
[10:24:32] 💓 心跳: 已監控 35 分鐘, 無新推文
[10:29:38] 💓 心跳: 已監控 40 分鐘, 無新推文
[10:34:43] 💓 心跳: 已監控 45 分鐘, 無新推文
[10:39:48] 💓 心跳: 已監控 50 分鐘, 無新推文
[10:44:53] 💓 心跳: 已監控 55 分鐘, 無新推文
[10:49:58] 💓 心跳: 已監控 60 分鐘, 無新推文
[10:55:03] 💓 心跳: 已監控 65 分鐘, 無新推文
[11:00:08] 💓 心跳: 已監控 70 分鐘, 無新推文
[11:05:14] 💓 心跳: 已監控 75 分鐘, 無新推文
[11:10:19] 📡 RSS 掃描: 100 篇, 1 篇新的 (360ms)
[11:10:19]   🆕 新推文偵測！
[11:10:19]      ID: 116278159912794855
[11:10:19]      時間: Mon, 23 Mar 2026 11:05:14 +0000
[11:10:19]      偵測延遲: 305.8秒
[11:10:19]      內容: I AM PLEASE TO REPORT THAT THE UNITED STATES OF AMERICA, AND THE COUNTRY OF IRAN, HAVE HAD, OVER THE...
[11:10:19]      ⚪ 無信號 (39ms)
[11:15:24] 💓 心跳: 已監控 85 分鐘, 無新推文
[11:20:28] 💓 心跳: 已監控 90 分鐘, 無新推文
[11:25:34] 📡 RSS 掃描: 100 篇, 1 篇新的 (340ms)
[11:25:34]   🆕 新推文偵測！
[11:25:34]      ID: 116278232362967212
[11:25:34]      時間: Mon, 23 Mar 2026 11:23:40 +0000
[11:25:34]      偵測延遲: 114.6秒
[11:25:34]      內容: I AM PLEASED TO REPORT THAT THE UNITED STATES OF AMERICA, AND THE COUNTRY OF IRAN, HAVE HAD, OVER TH...
[11:25:34]      ⚪ 無信號 (5ms)
[11:30:40] 💓 心跳: 已監控 100 分鐘, 無新推文
[11:35:44] 💓 心跳: 已監控 105 分鐘, 無新推文
[11:40:50] 💓 心跳: 已監控 110 分鐘, 無新推文
[11:45:55] 💓 心跳: 已監控 115 分鐘, 無新推文
[11:51:00] 💓 心跳: 已監控 120 分鐘, 無新推文
[11:56:06] 💓 心跳: 已監控 125 分鐘, 無新推文
[12:01:10] 💓 心跳: 已監控 130 分鐘, 無新推文
[12:06:15] 💓 心跳: 已監控 135 分鐘, 無新推文
[12:11:20] 💓 心跳: 已監控 140 分鐘, 無新推文
[12:16:25] 💓 心跳: 已監控 145 分鐘, 無新推文
[12:21:29] 💓 心跳: 已監控 150 分鐘, 無新推文
[12:26:34] 💓 心跳: 已監控 155 分鐘, 無新推文
[12:31:39] 💓 心跳: 已監控 160 分鐘, 無新推文
[12:36:44] 💓 心跳: 已監控 165 分鐘, 無新推文
[12:41:49] 💓 心跳: 已監控 170 分鐘, 無新推文
[12:46:53] 💓 心跳: 已監控 175 分鐘, 無新推文
[12:51:57] 💓 心跳: 已監控 180 分鐘, 無新推文
[12:57:03] 💓 心跳: 已監控 185 分鐘, 無新推文
[13:00:06] 📡 RSS 掃描: 100 篇, 1 篇新的 (474ms)
[13:00:06]   🆕 新推文偵測！
[13:00:06]      ID: 116278600245530358
[13:00:06]      時間: Mon, 23 Mar 2026 12:57:13 +0000
[13:00:06]      偵測延遲: 174.0秒
[13:00:06]      內容: I am a BIG proponent of ICE wearing masks as they search for, and are forced to deal with, hardened ...
[13:00:06]      📡 信號: DEAL(65%) (4ms)
[13:00:06]      🎯 預測: UP (65%) | 1多/0空 (0ms)
[13:00:06]      ⏱️ 全鏈路: 偵測174s + 分類4ms + 預測0ms = 共174.0s
[13:00:06]      💰 Polymarket: 等待錢包設定...
[13:00:06]      📝 即時快報生成中...
[13:00:06]      📝 即時快報完成：0/3 語言成功
[13:02:09] 💓 心跳: 已監控 190 分鐘, 無新推文
[13:07:14] 💓 心跳: 已監控 195 分鐘, 無新推文
[13:12:19] 💓 心跳: 已監控 200 分鐘, 無新推文
[13:17:24] 💓 心跳: 已監控 205 分鐘, 無新推文
[13:22:28] 💓 心跳: 已監控 210 分鐘, 無新推文
[13:27:33] 💓 心跳: 已監控 215 分鐘, 無新推文
[13:32:39] 💓 心跳: 已監控 220 分鐘, 無新推文
[13:37:44] 💓 心跳: 已監控 225 分鐘, 無新推文
[13:42:50] 💓 心跳: 已監控 230 分鐘, 無新推文
[13:47:55] 💓 心跳: 已監控 235 分鐘, 無新推文
[13:53:00] 💓 心跳: 已監控 240 分鐘, 無新推文
[13:58:05] 💓 心跳: 已監控 245 分鐘, 無新推文
[14:03:10] 💓 心跳: 已監控 250 分鐘, 無新推文
[14:08:14] 💓 心跳: 已監控 255 分鐘, 無新推文
[14:10:17] 📡 RSS 掃描: 100 篇, 3 篇新的 (388ms)
[14:10:17]   🆕 新推文偵測！
[14:10:17]      ID: 116278886833581746
[14:10:17]      時間: Mon, 23 Mar 2026 14:10:06 +0000
[14:10:17]      偵測延遲: 11.0秒
[14:10:17]      內容: Trump administration cancels $109M in environmentally focused transportation grants for Colorado:...
[14:10:17]      ⚪ 無信號 (4ms)
[14:10:17]   🆕 新推文偵測！
[14:10:17]      ID: 116278885275457312
[14:10:17]      時間: Mon, 23 Mar 2026 14:09:42 +0000
[14:10:17]      偵測延遲: 35.0秒
[14:10:17]      內容: Questions Grow as Lt. Michael Byrd, Who Shot Ashli Babbitt on Jan. 6, Operates a Taxpayer-Funded Hom...
[14:10:17]      ⚪ 無信號 (3ms)
[14:10:17]   🆕 新推文偵測！
[14:10:17]      ID: 116278883659138389
[14:10:17]      時間: Mon, 23 Mar 2026 14:09:18 +0000
[14:10:17]      偵測延遲: 59.0秒
[14:10:17]      內容: https://www.theepochtimes.com/us/oklahoma-black-lives-matter-leader-indicted-over-alleged-3-15-milli...
[14:10:17]      ⚪ 無信號 (3ms)
[14:10:47] 📡 RSS 掃描: 100 篇, 1 篇新的 (358ms)
[14:10:47]   🆕 新推文偵測！
[14:10:47]      ID: 116278882455205480
[14:10:47]      時間: Mon, 23 Mar 2026 14:08:59 +0000
[14:10:47]      偵測延遲: 108.4秒
[14:10:47]      內容: Kelsey Grammer calls Trump ‘one of the greatest presidents we’ve ever had’ at Kennedy Center Honors:...
[14:10:47]      ⚪ 無信號 (5ms)
[14:13:20] 💓 心跳: 已監控 260 分鐘, 無新推文
[14:15:22] 📡 RSS 掃描: 100 篇, 2 篇新的 (355ms)
[14:15:22]   🆕 新推文偵測！
[14:15:22]      ID: 116278900381351124
[14:15:22]      時間: Mon, 23 Mar 2026 14:13:33 +0000
[14:15:22]      偵測延遲: 109.7秒
[14:15:22]      內容: ...
[14:15:22]      ⚪ 無信號 (5ms)
[14:15:22]   🆕 新推文偵測！
[14:15:22]      ID: 116278899551484414
[14:15:22]      時間: Mon, 23 Mar 2026 14:13:20 +0000
[14:15:22]      偵測延遲: 122.7秒
[14:15:22]      內容: ...
[14:15:22]      ⚪ 無信號 (3ms)
[14:15:53] 📡 RSS 掃描: 100 篇, 4 篇新的 (342ms)
[14:15:53]   🆕 新推文偵測！
[14:15:53]      ID: 116278898617605808
[14:15:53]      時間: Mon, 23 Mar 2026 14:13:06 +0000
[14:15:53]      偵測延遲: 167.1秒
[14:15:53]      內容: ...
[14:15:53]      ⚪ 無信號 (25ms)
[14:15:53]   🆕 新推文偵測！
[14:15:53]      ID: 116278897972103626
[14:15:53]      時間: Mon, 23 Mar 2026 14:12:56 +0000
[14:15:53]      偵測延遲: 177.2秒
[14:15:53]      內容: ...
[14:15:53]      ⚪ 無信號 (3ms)
[14:15:53]   🆕 新推文偵測！
[14:15:53]      ID: 116278895739918982
[14:15:53]      時間: Mon, 23 Mar 2026 14:12:22 +0000
[14:15:53]      偵測延遲: 211.2秒
[14:15:53]      內容: ...
[14:15:53]      ⚪ 無信號 (4ms)
[14:15:53]   🆕 新推文偵測！
[14:15:53]      ID: 116278894937641301
[14:15:53]      時間: Mon, 23 Mar 2026 14:12:10 +0000
[14:15:53]      偵測延遲: 223.2秒
[14:15:53]      內容: ...
[14:15:53]      ⚪ 無信號 (2ms)
[14:16:24] 📡 RSS 掃描: 100 篇, 4 篇新的 (942ms)
[14:16:24]   🆕 新推文偵測！
[14:16:24]      ID: 116278893457439623
[14:16:24]      時間: Mon, 23 Mar 2026 14:11:47 +0000
[14:16:24]      偵測延遲: 277.3秒
[14:16:24]      內容: ...
[14:16:24]      ⚪ 無信號 (6ms)
[14:16:24]   🆕 新推文偵測！
[14:16:24]      ID: 116278892438747425
[14:16:24]      時間: Mon, 23 Mar 2026 14:11:32 +0000
[14:16:24]      偵測延遲: 292.3秒
[14:16:24]      內容: ...
[14:16:24]      ⚪ 無信號 (2ms)
[14:16:24]   🆕 新推文偵測！
[14:16:24]      ID: 116278891641245204
[14:16:24]      時間: Mon, 23 Mar 2026 14:11:19 +0000
[14:16:24]      偵測延遲: 305.3秒
[14:16:24]      內容: ...
[14:16:24]      ⚪ 無信號 (3ms)
[14:16:24]   🆕 新推文偵測！
[14:16:24]      ID: 116278890493192146
[14:16:24]      時間: Mon, 23 Mar 2026 14:11:02 +0000
[14:16:24]      偵測延遲: 322.3秒
[14:16:24]      內容: ...
[14:16:24]      ⚪ 無信號 (3ms)
[14:18:29] 💓 心跳: 已監控 265 分鐘, 無新推文
[14:23:34] 💓 心跳: 已監控 270 分鐘, 無新推文
[14:28:41] 💓 心跳: 已監控 275 分鐘, 無新推文
[14:30:12] 📡 RSS 掃描: 100 篇, 3 篇新的 (830ms)
[14:30:12]   🆕 新推文偵測！
[14:30:12]      ID: 116278963682644203
[14:30:12]      時間: Mon, 23 Mar 2026 14:29:39 +0000
[14:30:12]      偵測延遲: 33.9秒
[14:30:12]      內容: RT @realDonaldTrumpI am a BIG proponent of ICE wearing masks as they search for, and are forced to d...
[14:30:12]      📡 信號: DEAL(65%) (5ms)
[14:30:12]      🎯 預測: UP (65%) | 1多/0空 (0ms)
[14:30:12]      ⏱️ 全鏈路: 偵測34s + 分類5ms + 預測0ms = 共33.9s
[14:30:12]      💰 Polymarket: 等待錢包設定...
[14:30:12]      📝 即時快報生成中...
[14:30:12]   🆕 新推文偵測！
[14:30:12]      ID: 116278963291413739
[14:30:12]      時間: Mon, 23 Mar 2026 14:29:33 +0000
[14:30:12]      偵測延遲: 39.9秒
[14:30:12]      內容: RT @realDonaldTrumpI AM PLEASED TO REPORT THAT THE UNITED STATES OF AMERICA, AND THE COUNTRY OF IRAN...
[14:30:12]      ⚪ 無信號 (3ms)
[14:30:12]   🆕 新推文偵測！
[14:30:12]      ID: 116278959605267870
[14:30:12]      時間: Mon, 23 Mar 2026 14:28:37 +0000
[14:30:12]      偵測延遲: 96.0秒
[14:30:12]      內容: For years, Democrats ignored Violent and Vicious Crime of all shapes, sizes, colors, and types. Viol...
[14:30:12]      📝 即時快報完成：0/3 語言成功
[14:30:12]      📡 信號: BEARISH(65%) (2ms)
[14:30:12]      🎯 預測: DOWN (65%) | 0多/1空 (0ms)
[14:30:12]      ⏱️ 全鏈路: 偵測96s + 分類2ms + 預測0ms = 共96.0s
[14:30:12]      💰 Polymarket: 等待錢包設定...
[14:30:12]      📝 即時快報生成中...
[14:30:12]      📝 即時快報完成：0/3 語言成功
[14:33:46] 💓 心跳: 已監控 280 分鐘, 無新推文
[14:38:52] 💓 心跳: 已監控 285 分鐘, 無新推文
[14:43:58] 💓 心跳: 已監控 290 分鐘, 無新推文
[14:49:03] 💓 心跳: 已監控 295 分鐘, 無新推文
[14:54:09] 💓 心跳: 已監控 300 分鐘, 無新推文
[14:59:13] 💓 心跳: 已監控 305 分鐘, 無新推文
[15:04:19] 💓 心跳: 已監控 310 分鐘, 無新推文
[15:09:25] 💓 心跳: 已監控 315 分鐘, 無新推文
[15:14:31] 💓 心跳: 已監控 320 分鐘, 無新推文
[15:19:36] 💓 心跳: 已監控 325 分鐘, 無新推文
[15:24:42] 💓 心跳: 已監控 330 分鐘, 無新推文
[15:29:48] 💓 心跳: 已監控 335 分鐘, 無新推文
[15:34:53] 💓 心跳: 已監控 340 分鐘, 無新推文
[15:39:58] 💓 心跳: 已監控 345 分鐘, 無新推文
[15:45:04] 💓 心跳: 已監控 350 分鐘, 無新推文
[15:50:10] 💓 心跳: 已監控 355 分鐘, 無新推文
[15:55:16] 💓 心跳: 已監控 360 分鐘, 無新推文
[16:00:21] 💓 心跳: 已監控 365 分鐘, 無新推文
[16:05:28] 💓 心跳: 已監控 370 分鐘, 無新推文
[16:10:34] 💓 心跳: 已監控 375 分鐘, 無新推文
[16:15:39] 💓 心跳: 已監控 380 分鐘, 無新推文
[16:20:44] 💓 心跳: 已監控 385 分鐘, 無新推文
[16:25:51] 💓 心跳: 已監控 390 分鐘, 無新推文
[16:30:56] 💓 心跳: 已監控 395 分鐘, 無新推文
[16:36:01] 💓 心跳: 已監控 400 分鐘, 無新推文
[16:41:06] 💓 心跳: 已監控 405 分鐘, 無新推文
[16:46:11] 💓 心跳: 已監控 410 分鐘, 無新推文
[16:51:16] 💓 心跳: 已監控 415 分鐘, 無新推文
[16:56:22] 💓 心跳: 已監控 420 分鐘, 無新推文
[17:01:27] 💓 心跳: 已監控 425 分鐘, 無新推文
[17:06:32] 💓 心跳: 已監控 430 分鐘, 無新推文
[17:11:37] 💓 心跳: 已監控 435 分鐘, 無新推文
[17:16:43] 💓 心跳: 已監控 440 分鐘, 無新推文
[17:21:49] 💓 心跳: 已監控 445 分鐘, 無新推文
[17:26:54] 💓 心跳: 已監控 450 分鐘, 無新推文
[17:32:00] 💓 心跳: 已監控 455 分鐘, 無新推文
[17:37:06] 💓 心跳: 已監控 460 分鐘, 無新推文
[17:42:11] 💓 心跳: 已監控 465 分鐘, 無新推文
[17:47:16] 💓 心跳: 已監控 470 分鐘, 無新推文
[17:52:21] 💓 心跳: 已監控 475 分鐘, 無新推文
[17:57:26] 💓 心跳: 已監控 480 分鐘, 無新推文
[18:02:32] 💓 心跳: 已監控 485 分鐘, 無新推文
[18:07:37] 💓 心跳: 已監控 490 分鐘, 無新推文
[18:12:42] 💓 心跳: 已監控 495 分鐘, 無新推文
[18:17:47] 💓 心跳: 已監控 500 分鐘, 無新推文
[18:22:52] 💓 心跳: 已監控 505 分鐘, 無新推文
[18:27:57] 💓 心跳: 已監控 510 分鐘, 無新推文
[18:33:02] 💓 心跳: 已監控 515 分鐘, 無新推文
[18:38:08] 💓 心跳: 已監控 520 分鐘, 無新推文
[18:43:13] 💓 心跳: 已監控 525 分鐘, 無新推文
[18:48:18] 💓 心跳: 已監控 530 分鐘, 無新推文
[18:53:24] 💓 心跳: 已監控 535 分鐘, 無新推文
[18:58:29] 💓 心跳: 已監控 540 分鐘, 無新推文
[19:03:35] 💓 心跳: 已監控 545 分鐘, 無新推文
[19:08:40] 💓 心跳: 已監控 550 分鐘, 無新推文
[19:13:45] 💓 心跳: 已監控 555 分鐘, 無新推文
[19:18:51] 💓 心跳: 已監控 560 分鐘, 無新推文
[19:23:58] 💓 心跳: 已監控 565 分鐘, 無新推文
[19:29:04] 💓 心跳: 已監控 570 分鐘, 無新推文
[19:34:09] 💓 心跳: 已監控 575 分鐘, 無新推文
[19:39:13] 💓 心跳: 已監控 580 分鐘, 無新推文
[19:44:19] 💓 心跳: 已監控 585 分鐘, 無新推文
[19:49:24] 💓 心跳: 已監控 590 分鐘, 無新推文
[19:54:30] 💓 心跳: 已監控 595 分鐘, 無新推文
[19:59:35] 💓 心跳: 已監控 600 分鐘, 無新推文
[20:04:40] 💓 心跳: 已監控 605 分鐘, 無新推文
[20:09:45] 💓 心跳: 已監控 610 分鐘, 無新推文
[20:14:51] 💓 心跳: 已監控 615 分鐘, 無新推文
[20:19:58] 💓 心跳: 已監控 620 分鐘, 無新推文
[20:25:04] 💓 心跳: 已監控 625 分鐘, 無新推文
[20:30:09] 💓 心跳: 已監控 630 分鐘, 無新推文
[20:35:14] 💓 心跳: 已監控 635 分鐘, 無新推文
[20:40:19] 💓 心跳: 已監控 640 分鐘, 無新推文
[20:45:24] 💓 心跳: 已監控 645 分鐘, 無新推文
[20:50:29] 💓 心跳: 已監控 650 分鐘, 無新推文
[20:55:34] 💓 心跳: 已監控 655 分鐘, 無新推文
[21:00:39] 💓 心跳: 已監控 660 分鐘, 無新推文
[21:05:45] 💓 心跳: 已監控 665 分鐘, 無新推文
[21:10:50] 💓 心跳: 已監控 670 分鐘, 無新推文
[21:15:54] 💓 心跳: 已監控 675 分鐘, 無新推文
[21:21:00] 💓 心跳: 已監控 680 分鐘, 無新推文
[21:26:05] 💓 心跳: 已監控 685 分鐘, 無新推文
[21:31:11] 💓 心跳: 已監控 690 分鐘, 無新推文
[21:36:16] 💓 心跳: 已監控 695 分鐘, 無新推文
[21:41:21] 💓 心跳: 已監控 700 分鐘, 無新推文
[21:46:26] 💓 心跳: 已監控 705 分鐘, 無新推文
[21:51:32] 💓 心跳: 已監控 710 分鐘, 無新推文
[21:56:36] 💓 心跳: 已監控 715 分鐘, 無新推文
[22:01:42] 💓 心跳: 已監控 720 分鐘, 無新推文
[22:06:48] 💓 心跳: 已監控 725 分鐘, 無新推文
[22:11:53] 💓 心跳: 已監控 730 分鐘, 無新推文
[22:16:58] 💓 心跳: 已監控 735 分鐘, 無新推文
[22:22:03] 💓 心跳: 已監控 740 分鐘, 無新推文
[22:27:08] 💓 心跳: 已監控 745 分鐘, 無新推文
[22:32:13] 💓 心跳: 已監控 750 分鐘, 無新推文
[22:37:18] 💓 心跳: 已監控 755 分鐘, 無新推文
[22:42:23] 💓 心跳: 已監控 760 分鐘, 無新推文
[22:47:36] 💓 心跳: 已監控 765 分鐘, 無新推文
[22:52:40] 💓 心跳: 已監控 770 分鐘, 無新推文
[22:57:45] 💓 心跳: 已監控 775 分鐘, 無新推文
[23:02:50] 💓 心跳: 已監控 780 分鐘, 無新推文
[23:07:55] 💓 心跳: 已監控 785 分鐘, 無新推文
[23:13:00] 💓 心跳: 已監控 790 分鐘, 無新推文
[23:18:04] 💓 心跳: 已監控 795 分鐘, 無新推文
[23:20:07] 📡 RSS 掃描: 100 篇, 1 篇新的 (853ms)
[23:20:07]   🆕 新推文偵測！
[23:20:07]      ID: 116281041925886913
[23:20:07]      時間: Mon, 23 Mar 2026 23:18:10 +0000
[23:20:07]      偵測延遲: 117.4秒
[23:20:07]      內容: There is a very important Special Election tomorrow, Tuesday, March 24th, for Florida State House Di...
[23:20:07]      ⚪ 無信號 (101ms)
[23:23:14] 💓 心跳: 已監控 800 分鐘, 無新推文
[23:28:26] 💓 心跳: 已監控 805 分鐘, 無新推文
[23:33:35] 💓 心跳: 已監控 810 分鐘, 無新推文
[23:38:41] 💓 心跳: 已監控 815 分鐘, 無新推文
[23:43:48] 💓 心跳: 已監控 820 分鐘, 無新推文
[23:48:53] 💓 心跳: 已監控 825 分鐘, 無新推文
[23:54:03] 💓 心跳: 已監控 830 分鐘, 無新推文
[23:59:30] 💓 心跳: 已監控 835 分鐘, 無新推文
[00:04:43] 💓 心跳: 已監控 840 分鐘, 無新推文
[00:09:49] 💓 心跳: 已監控 845 分鐘, 無新推文
[00:14:53] 💓 心跳: 已監控 850 分鐘, 無新推文
[00:19:58] 💓 心跳: 已監控 855 分鐘, 無新推文
[00:25:02] 💓 心跳: 已監控 860 分鐘, 無新推文
[00:30:11] 💓 心跳: 已監控 865 分鐘, 無新推文
[00:35:23] 💓 心跳: 已監控 870 分鐘, 無新推文
[00:40:29] 💓 心跳: 已監控 875 分鐘, 無新推文
[00:45:34] 💓 心跳: 已監控 880 分鐘, 無新推文
[00:50:40] 💓 心跳: 已監控 885 分鐘, 無新推文
[00:55:44] 💓 心跳: 已監控 890 分鐘, 無新推文
[01:00:50] 💓 心跳: 已監控 895 分鐘, 無新推文
[01:05:55] 💓 心跳: 已監控 900 分鐘, 無新推文
[01:11:01] 💓 心跳: 已監控 905 分鐘, 無新推文
[01:16:06] 💓 心跳: 已監控 910 分鐘, 無新推文
[01:21:11] 💓 心跳: 已監控 915 分鐘, 無新推文
[01:26:16] 💓 心跳: 已監控 920 分鐘, 無新推文
[01:31:21] 💓 心跳: 已監控 925 分鐘, 無新推文
[01:36:26] 💓 心跳: 已監控 930 分鐘, 無新推文
[01:41:32] 💓 心跳: 已監控 935 分鐘, 無新推文
[01:46:37] 💓 心跳: 已監控 940 分鐘, 無新推文
[01:51:41] 💓 心跳: 已監控 945 分鐘, 無新推文
[03:05:46] ❌ RSS 抓取失敗: <urlopen error _ssl.c:1112: The handshake operation timed out>
[03:06:46] ❌ RSS 抓取失敗: <urlopen error [Errno 65] No route to host>
[03:06:46] 💓 心跳: 已監控 950 分鐘, 無新推文
[03:12:05] 💓 心跳: 已監控 955 分鐘, 無新推文
[03:17:10] 💓 心跳: 已監控 960 分鐘, 無新推文
[03:22:14] 💓 心跳: 已監控 965 分鐘, 無新推文
[03:27:19] 💓 心跳: 已監控 970 分鐘, 無新推文
[03:32:24] 💓 心跳: 已監控 975 分鐘, 無新推文
[03:37:30] 💓 心跳: 已監控 980 分鐘, 無新推文
[03:42:35] 💓 心跳: 已監控 985 分鐘, 無新推文
[03:47:40] 💓 心跳: 已監控 990 分鐘, 無新推文
[03:52:45] 💓 心跳: 已監控 995 分鐘, 無新推文
[03:57:49] 💓 心跳: 已監控 1000 分鐘, 無新推文
[04:00:21] 📝 每日文章觸發：生成 2026-03-23 三語分析...
[04:00:25] 📝 文章完成：0/3 語言成功
[04:00:26] 📝 Git push 完成
[04:02:58] 💓 心跳: 已監控 1005 分鐘, 無新推文
[04:08:03] 💓 心跳: 已監控 1010 分鐘, 無新推文
[04:13:07] 💓 心跳: 已監控 1015 分鐘, 無新推文
[04:15:08] 📡 RSS 掃描: 100 篇, 1 篇新的 (340ms)
[04:15:08]   🆕 新推文偵測！
[04:15:08]      ID: 116282197447416114
[04:15:08]      時間: Tue, 24 Mar 2026 04:12:02 +0000
[04:15:08]      偵測延遲: 187.0秒
[04:15:08]      內容: RT: https://truthsocial.com/users/realDonaldTrump/statuses/116282191339559931...
[04:15:08]      ⚪ 無信號 (6ms)
[04:15:39] 📡 RSS 掃描: 100 篇, 1 篇新的 (388ms)
[04:15:39]   🆕 新推文偵測！
[04:15:39]      ID: 116282191339559931
[04:15:39]      時間: Tue, 24 Mar 2026 04:10:29 +0000
[04:15:39]      偵測延遲: 310.4秒
[04:15:39]      內容: ...
[04:15:39]      ⚪ 無信號 (5ms)
[04:18:11] 💓 心跳: 已監控 1020 分鐘, 無新推文
[04:23:16] 💓 心跳: 已監控 1025 分鐘, 無新推文
[04:28:20] 💓 心跳: 已監控 1030 分鐘, 無新推文
[04:33:25] 💓 心跳: 已監控 1035 分鐘, 無新推文
[04:38:29] 💓 心跳: 已監控 1040 分鐘, 無新推文
[04:43:33] 💓 心跳: 已監控 1045 分鐘, 無新推文
[04:48:38] 💓 心跳: 已監控 1050 分鐘, 無新推文
[04:53:42] 💓 心跳: 已監控 1055 分鐘, 無新推文
[04:58:47] 💓 心跳: 已監控 1060 分鐘, 無新推文
[05:03:52] 💓 心跳: 已監控 1065 分鐘, 無新推文
[05:08:56] 💓 心跳: 已監控 1070 分鐘, 無新推文
[05:14:01] 💓 心跳: 已監控 1075 分鐘, 無新推文
[05:19:06] 💓 心跳: 已監控 1080 分鐘, 無新推文
[05:24:12] 💓 心跳: 已監控 1085 分鐘, 無新推文
[05:29:17] 💓 心跳: 已監控 1090 分鐘, 無新推文
[05:34:22] 💓 心跳: 已監控 1095 分鐘, 無新推文
[05:39:43] 💓 心跳: 已監控 1100 分鐘, 無新推文
[05:44:48] 💓 心跳: 已監控 1105 分鐘, 無新推文
[05:49:53] 💓 心跳: 已監控 1110 分鐘, 無新推文
[05:50:23] 📡 RSS 掃描: 100 篇, 1 篇新的 (337ms)
[05:50:23]   🆕 新推文偵測！
[05:50:23]      ID: 116282577310101116
[05:50:23]      時間: Tue, 24 Mar 2026 05:48:38 +0000
[05:50:23]      偵測延遲: 105.8秒
[05:50:23]      內容: Democrats are desperate to keep illegals, no matter how bad or dangerous they me be, in the Country....
[05:50:23]      ⚪ 無信號 (6ms)
[05:54:58] 💓 心跳: 已監控 1115 分鐘, 無新推文
[06:00:03] 💓 心跳: 已監控 1120 分鐘, 無新推文
[06:05:09] 💓 心跳: 已監控 1125 分鐘, 無新推文
[06:10:14] 💓 心跳: 已監控 1130 分鐘, 無新推文
[06:15:34] 💓 心跳: 已監控 1135 分鐘, 無新推文
[06:20:39] 💓 心跳: 已監控 1140 分鐘, 無新推文
[06:24:02] ❌ RSS 抓取失敗: The read operation timed out
[07:47:20] ❌ RSS 抓取失敗: <urlopen error [Errno 8] nodename nor servname provided, or not known>
[08:25:00] ❌ RSS 抓取失敗: <urlopen error [Errno 8] nodename nor servname provided, or not known>
[08:50:59] ❌ RSS 抓取失敗: <urlopen error [Errno 8] nodename nor servname provided, or not known>
[08:50:59] 💓 心跳: 已監控 1145 分鐘, 無新推文
[08:55:26] ❌ RSS 抓取失敗: <urlopen error [Errno 8] nodename nor servname provided, or not known>
[08:58:01] ❌ RSS 抓取失敗: <urlopen error [Errno 8] nodename nor servname provided, or not known>
[09:05:19] ❌ RSS 抓取失敗: <urlopen error [Errno 8] nodename nor servname provided, or not known>
[09:13:36] ❌ RSS 抓取失敗: <urlopen error [Errno 8] nodename nor servname provided, or not known>
[09:22:42] ❌ RSS 抓取失敗: <urlopen error [Errno 8] nodename nor servname provided, or not known>
[09:25:25] ❌ RSS 抓取失敗: <urlopen error [Errno 8] nodename nor servname provided, or not known>
[09:27:08] ❌ RSS 抓取失敗: <urlopen error [Errno 8] nodename nor servname provided, or not known>
[09:31:07] ❌ RSS 抓取失敗: <urlopen error [Errno 8] nodename nor servname provided, or not known>
[10:25:53] ❌ RSS 抓取失敗: <urlopen error [Errno 8] nodename nor servname provided, or not known>
[10:55:00] 💓 心跳: 已監控 1150 分鐘, 無新推文
[11:00:05] 💓 心跳: 已監控 1155 分鐘, 無新推文
[11:05:09] 💓 心跳: 已監控 1160 分鐘, 無新推文
[11:10:14] 💓 心跳: 已監控 1165 分鐘, 無新推文
[11:15:19] 💓 心跳: 已監控 1170 分鐘, 無新推文
[11:18:50] =======================================================
[11:18:50] 🔴 Trump RSS 高頻監控器
[11:18:50]    來源: https://www.trumpstruth.org/feed
[11:18:50]    間隔: 30 秒
[11:18:50] =======================================================
[11:19:00] 測試模式: RSS 100 篇, 408ms
[11:19:00]   🆕 新推文偵測！
[11:19:00]      ID: 116282577310101116
[11:19:00]      時間: Tue, 24 Mar 2026 05:48:38 +0000
[11:19:00]      偵測延遲: 19822.8秒
[11:19:00]      內容: Democrats are desperate to keep illegals, no matter how bad or dangerous they me be, in the Country....
[11:19:09]      ⚪ 無信號 (8601ms)
[12:19:25] 💓 心跳: 已監控 350 分鐘, 無新推文
[12:24:28] 💓 心跳: 已監控 355 分鐘, 無新推文
[12:29:31] 💓 心跳: 已監控 360 分鐘, 無新推文
[12:34:34] 💓 心跳: 已監控 365 分鐘, 無新推文
[12:39:37] 💓 心跳: 已監控 370 分鐘, 無新推文
[12:44:40] 💓 心跳: 已監控 375 分鐘, 無新推文
[12:49:43] 💓 心跳: 已監控 380 分鐘, 無新推文
[12:54:47] 💓 心跳: 已監控 385 分鐘, 無新推文
[12:59:51] 💓 心跳: 已監控 390 分鐘, 無新推文
[13:04:54] 💓 心跳: 已監控 395 分鐘, 無新推文
[13:09:58] 💓 心跳: 已監控 400 分鐘, 無新推文
[13:15:02] 💓 心跳: 已監控 405 分鐘, 無新推文
[13:20:05] 💓 心跳: 已監控 410 分鐘, 無新推文
[13:25:09] 💓 心跳: 已監控 415 分鐘, 無新推文
[13:30:13] 💓 心跳: 已監控 420 分鐘, 無新推文
[13:35:17] 💓 心跳: 已監控 425 分鐘, 無新推文
[13:40:20] 💓 心跳: 已監控 430 分鐘, 無新推文
[13:45:24] 💓 心跳: 已監控 435 分鐘, 無新推文
[13:50:27] 💓 心跳: 已監控 440 分鐘, 無新推文
[13:55:30] 💓 心跳: 已監控 445 分鐘, 無新推文
[14:00:34] 💓 心跳: 已監控 450 分鐘, 無新推文
[14:05:37] 💓 心跳: 已監控 455 分鐘, 無新推文
[14:10:40] 💓 心跳: 已監控 460 分鐘, 無新推文
[14:15:44] 💓 心跳: 已監控 465 分鐘, 無新推文
[14:20:47] 💓 心跳: 已監控 470 分鐘, 無新推文
[14:25:50] 💓 心跳: 已監控 475 分鐘, 無新推文
[14:30:53] 💓 心跳: 已監控 480 分鐘, 無新推文
[14:35:56] 💓 心跳: 已監控 485 分鐘, 無新推文
[14:41:00] 💓 心跳: 已監控 490 分鐘, 無新推文
[14:46:03] 💓 心跳: 已監控 495 分鐘, 無新推文
[14:50:36] 📡 RSS 掃描: 100 篇, 1 篇新的 (335ms)
[14:50:36]   🆕 新推文偵測！
[14:50:36]      ID: 116284693281091216
[14:50:36]      時間: Tue, 24 Mar 2026 14:46:45 +0000
[14:50:36]      偵測延遲: 231.6秒
[14:50:36]      內容: ...
[14:50:36]      ⚪ 無信號 (0ms)
[14:51:06] 💓 心跳: 已監控 500 分鐘, 無新推文
[14:56:09] 💓 心跳: 已監控 505 分鐘, 無新推文
[15:01:13] 💓 心跳: 已監控 510 分鐘, 無新推文
[15:06:16] 💓 心跳: 已監控 515 分鐘, 無新推文
[15:11:20] 💓 心跳: 已監控 520 分鐘, 無新推文
[15:16:23] 💓 心跳: 已監控 525 分鐘, 無新推文
[15:21:27] 💓 心跳: 已監控 530 分鐘, 無新推文
[15:26:30] 💓 心跳: 已監控 535 分鐘, 無新推文
[15:31:34] 💓 心跳: 已監控 540 分鐘, 無新推文
[15:36:37] 💓 心跳: 已監控 545 分鐘, 無新推文
[15:41:40] 💓 心跳: 已監控 550 分鐘, 無新推文
[15:46:43] 💓 心跳: 已監控 555 分鐘, 無新推文
[15:51:47] 💓 心跳: 已監控 560 分鐘, 無新推文
[15:56:50] 💓 心跳: 已監控 565 分鐘, 無新推文
[16:01:53] 💓 心跳: 已監控 570 分鐘, 無新推文
[16:06:57] 💓 心跳: 已監控 575 分鐘, 無新推文
[16:12:01] 💓 心跳: 已監控 580 分鐘, 無新推文
[16:17:06] 💓 心跳: 已監控 585 分鐘, 無新推文
[16:22:09] 💓 心跳: 已監控 590 分鐘, 無新推文
[16:27:13] 💓 心跳: 已監控 595 分鐘, 無新推文
[16:32:16] 💓 心跳: 已監控 600 分鐘, 無新推文
[16:37:20] 💓 心跳: 已監控 605 分鐘, 無新推文
[16:42:23] 💓 心跳: 已監控 610 分鐘, 無新推文
[16:47:26] 💓 心跳: 已監控 615 分鐘, 無新推文
[16:52:29] 💓 心跳: 已監控 620 分鐘, 無新推文
[16:57:32] 💓 心跳: 已監控 625 分鐘, 無新推文
[17:02:36] 💓 心跳: 已監控 630 分鐘, 無新推文
[17:07:40] 💓 心跳: 已監控 635 分鐘, 無新推文
[17:12:43] 💓 心跳: 已監控 640 分鐘, 無新推文
[17:17:46] 💓 心跳: 已監控 645 分鐘, 無新推文
[17:22:19] ❌ RSS 抓取失敗: HTTP Error 500: Internal Server Error
[17:22:50] ❌ RSS 抓取失敗: HTTP Error 500: Internal Server Error
[17:22:50] 💓 心跳: 已監控 650 分鐘, 無新推文
[17:27:53] 💓 心跳: 已監控 655 分鐘, 無新推文
[17:32:56] 💓 心跳: 已監控 660 分鐘, 無新推文
[17:38:00] 💓 心跳: 已監控 665 分鐘, 無新推文
[17:43:03] 💓 心跳: 已監控 670 分鐘, 無新推文
[17:48:08] 💓 心跳: 已監控 675 分鐘, 無新推文
[17:53:11] 💓 心跳: 已監控 680 分鐘, 無新推文
[17:58:14] 💓 心跳: 已監控 685 分鐘, 無新推文
[18:03:18] 💓 心跳: 已監控 690 分鐘, 無新推文
[18:08:21] 💓 心跳: 已監控 695 分鐘, 無新推文
[18:13:24] 💓 心跳: 已監控 700 分鐘, 無新推文
[18:18:28] 💓 心跳: 已監控 705 分鐘, 無新推文
[18:23:31] 💓 心跳: 已監控 710 分鐘, 無新推文
[18:28:35] 💓 心跳: 已監控 715 分鐘, 無新推文
[18:33:39] 💓 心跳: 已監控 720 分鐘, 無新推文
[18:38:42] 💓 心跳: 已監控 725 分鐘, 無新推文
[18:43:45] 💓 心跳: 已監控 730 分鐘, 無新推文
[18:48:50] 💓 心跳: 已監控 735 分鐘, 無新推文
[18:53:53] 💓 心跳: 已監控 740 分鐘, 無新推文
[18:58:57] 💓 心跳: 已監控 745 分鐘, 無新推文
[19:04:00] 💓 心跳: 已監控 750 分鐘, 無新推文
[19:09:03] 💓 心跳: 已監控 755 分鐘, 無新推文
[19:14:06] 💓 心跳: 已監控 760 分鐘, 無新推文
[19:19:09] 💓 心跳: 已監控 765 分鐘, 無新推文
[19:24:13] 💓 心跳: 已監控 770 分鐘, 無新推文
[19:29:17] 💓 心跳: 已監控 775 分鐘, 無新推文
[19:34:21] 💓 心跳: 已監控 780 分鐘, 無新推文
[19:35:21] 📡 RSS 掃描: 100 篇, 1 篇新的 (271ms)
[19:35:21]   🆕 新推文偵測！
[19:35:21]      ID: 116285820638971415
[19:35:21]      時間: Tue, 24 Mar 2026 19:33:28 +0000
[19:35:21]      偵測延遲: 113.9秒
[19:35:21]      內容: Word is that Sydney Gruters, the wife of our GREAT Chairman of the Republican National Committee, Jo...
[19:35:21]      ⚪ 無信號 (0ms)
[19:39:24] 💓 心跳: 已監控 785 分鐘, 無新推文
[19:40:24] 📡 RSS 掃描: 100 篇, 8 篇新的 (297ms)
[19:40:24]   🆕 新推文偵測！
[19:40:24]      ID: 116285846284609248
[19:40:24]      時間: Tue, 24 Mar 2026 19:39:59 +0000
[19:40:24]      偵測延遲: 26.0秒
[19:40:24]      內容: State Senator Chris Garten is a true MAGA Warrior and America First Patriot for the Great People of ...
[19:40:24]      ⚪ 無信號 (0ms)
[19:40:24]   🆕 新推文偵測！
[19:40:24]      ID: 116285845418508842
[19:40:24]      時間: Tue, 24 Mar 2026 19:39:46 +0000
[19:40:24]      偵測延遲: 39.0秒
[19:40:24]      內容: State Senator Randy Maxwell is a Tremendous Champion for the incredible people of Indiana’s 43rd Sta...
[19:40:24]      📡 信號: BULLISH(65%) (0ms)
[19:40:24]      🎯 預測: UP (65%) | 1多/0空 (0ms)
[19:40:24]      ⏱️ 全鏈路: 偵測39s + 分類0ms + 預測0ms = 共39.0s
[19:40:24]      💰 Polymarket: 等待錢包設定...
[19:40:24]      📝 即時快報生成中...
[19:40:24]   🆕 新推文偵測！
[19:40:24]      ID: 116285844543723984
[19:40:24]      時間: Tue, 24 Mar 2026 19:39:32 +0000
[19:40:24]      偵測延遲: 53.0秒
[19:40:24]      內容: State Senator Jeff Raatz is an America First Patriot doing a fantastic job representing Indiana’s 27...
[19:40:24]      ⚪ 無信號 (0ms)
[19:40:24]   🆕 新推文偵測！
[19:40:24]      ID: 116285842940120300
[19:40:24]      📝 即時快報完成：0/3 語言成功
[19:40:24]      時間: Tue, 24 Mar 2026 19:39:08 +0000
[19:40:24]      偵測延遲: 77.0秒
[19:40:24]      內容: State Senator Scott Alexander is doing a terrific job representing the wonderful people of Indiana’s...
[19:40:24]      ⚪ 無信號 (0ms)
[19:40:24]   🆕 新推文偵測！
[19:40:24]      ID: 116285837978693829
[19:40:24]      時間: Tue, 24 Mar 2026 19:37:52 +0000
[19:40:24]      偵測延遲: 153.0秒
[19:40:24]      內容: State Senator Mike Gaskill is a MAGA Warrior who is doing a tremendous job representing Indiana’s 25...
[19:40:24]      📡 信號: BULLISH(65%) (0ms)
[19:40:24]      🎯 預測: UP (65%) | 1多/0空 (0ms)
[19:40:24]      ⏱️ 全鏈路: 偵測153s + 分類0ms + 預測0ms = 共153.0s
[19:40:24]      💰 Polymarket: 等待錢包設定...
[19:40:24]      📝 即時快報生成中...
[19:40:25]   🆕 新推文偵測！
[19:40:25]      ID: 116285835312448196
[19:40:25]      時間: Tue, 24 Mar 2026 19:37:11 +0000
[19:40:25]      偵測延遲: 194.0秒
[19:40:25]      內容: State Senator Ron Alting is a Strong Champion and Highly Effective Representative for the Great Peop...
[19:40:25]      📡 信號: ACTION(65%) (0ms)
[19:40:25]      🎯 預測: UP (65%) | 1多/0空 (0ms)
[19:40:25]      ⏱️ 全鏈路: 偵測194s + 分類0ms + 預測0ms = 共194.0s
[19:40:25]      💰 Polymarket: 等待錢包設定...
[19:40:25]      📝 即時快報生成中...
[19:40:25]   🆕 新推文偵測！
[19:40:25]      ID: 116285833366800856
[19:40:25]      時間: Tue, 24 Mar 2026 19:36:42 +0000
[19:40:25]      📝 即時快報完成：0/3 語言成功
[19:40:25]      偵測延遲: 223.0秒
[19:40:25]      內容: State Senator Liz Brown is a MAGA Warrior who is doing an incredible job representing Indiana’s 15th...
[19:40:25]      ⚪ 無信號 (0ms)
[19:40:25]   🆕 新推文偵測！
[19:40:25]      ID: 116285831257066510
[19:40:25]      時間: Tue, 24 Mar 2026 19:36:10 +0000
[19:40:25]      偵測延遲: 255.0秒
[19:40:25]      內容: State Senator Tyler Johnson is an America First Patriot who is doing a fantastic job representing In...
[19:40:25]      📡 信號: ACTION(65%) (0ms)
[19:40:25]      🎯 預測: UP (65%) | 1多/0空 (0ms)
[19:40:25]      ⏱️ 全鏈路: 偵測255s + 分類0ms + 預測0ms = 共255.0s
[19:40:25]      📝 即時快報完成：0/3 語言成功
[19:40:25]      💰 Polymarket: 等待錢包設定...
[19:40:25]      📝 即時快報生成中...
[19:40:25]      📝 即時快報完成：0/3 語言成功
[19:44:27] 💓 心跳: 已監控 790 分鐘, 無新推文
[19:45:28] 📡 RSS 掃描: 100 篇, 3 篇新的 (293ms)
[19:45:28]   🆕 新推文偵測！
[19:45:28]      ID: 116285855722508349
[19:45:28]      時間: Tue, 24 Mar 2026 19:42:23 +0000
[19:45:28]      偵測延遲: 185.3秒
[19:45:28]      內容: State Senator Jim Tomes is an America First Patriot who is doing an incredible job representing Indi...
[19:45:28]      ⚪ 無信號 (0ms)
[19:45:28]   🆕 新推文偵測！
[19:45:28]      ID: 116285854736419949
[19:45:28]      時間: Tue, 24 Mar 2026 19:42:08 +0000
[19:45:28]      偵測延遲: 200.3秒
[19:45:28]      內容: State Senator Daryl Schmidt is doing a tremendous job representing the Great People of Indiana’s 48t...
[19:45:28]      📡 信號: ACTION(65%) (0ms)
[19:45:28]      🎯 預測: UP (65%) | 1多/0空 (0ms)
[19:45:28]      ⏱️ 全鏈路: 偵測200s + 分類0ms + 預測0ms = 共200.3s
[19:45:28]      💰 Polymarket: 等待錢包設定...
[19:45:28]      📝 即時快報生成中...
[19:45:28]   🆕 新推文偵測！
[19:45:28]      ID: 116285849550720642
[19:45:28]      時間: Tue, 24 Mar 2026 19:40:49 +0000
[19:45:28]      偵測延遲: 279.3秒
[19:45:28]      內容: State Senator Gary Byrne is doing a fantastic job representing the incredible people of Indiana’s 47...
[19:45:28]      ⚪ 無信號 (0ms)
[19:45:28]      📝 即時快報完成：0/3 語言成功
[19:49:31] 💓 心跳: 已監控 795 分鐘, 無新推文
[19:50:32] 📡 RSS 掃描: 100 篇, 1 篇新的 (370ms)
[19:50:32]   🆕 新推文偵測！
[19:50:32]      ID: 116285866660628943
[19:50:32]      時間: Tue, 24 Mar 2026 19:45:10 +0000
[19:50:32]      偵測延遲: 322.3秒
[19:50:32]      內容: Bluffton City Councilman Blake Fiechter, a True America First Patriot, is running against “RINO” Sta...
[19:50:32]      📡 信號: ACTION(65%), THREAT(65%) (0ms)
[19:50:32]      🎯 預測: NEUTRAL (30%) | 1多/1空 (0ms)
[19:50:32]      ⏱️ 全鏈路: 偵測322s + 分類0ms + 預測0ms = 共322.3s
[19:50:32]      💰 Polymarket: 等待錢包設定...
[19:54:35] 💓 心跳: 已監控 800 分鐘, 無新推文
[19:55:36] 📡 RSS 掃描: 100 篇, 1 篇新的 (279ms)
[19:55:36]   🆕 新推文偵測！
[19:55:36]      ID: 116285906390195915
[19:55:36]      時間: Tue, 24 Mar 2026 19:55:16 +0000
[19:55:36]      偵測延遲: 20.3秒
[19:55:36]      內容: It is my Great Honor to endorse America First Patriot, Jeff Ellington, a terrific Candidate for Indi...
[19:55:36]      ⚪ 無信號 (0ms)
[19:56:07] 📡 RSS 掃描: 100 篇, 3 篇新的 (927ms)
[19:56:07]   🆕 新推文偵測！
[19:56:07]      ID: 116285903958791106
[19:56:07]      時間: Tue, 24 Mar 2026 19:54:39 +0000
[19:56:07]      偵測延遲: 88.2秒
[19:56:07]      內容: Vigo County Commissioner Brenda Wilson, a Proven America First Patriot, is running against “No Goode...
[19:56:07]      📡 信號: ACTION(80%) (0ms)
[19:56:07]      🎯 預測: UP (80%) | 1多/0空 (0ms)
[19:56:07]      ⏱️ 全鏈路: 偵測88s + 分類0ms + 預測0ms = 共88.3s
[19:56:07]      💰 Polymarket: 等待錢包設定...
[19:56:07]      📝 即時快報生成中...
[19:56:07]   🆕 新推文偵測！
[19:56:07]      ID: 116285900153878228
[19:56:07]      時間: Tue, 24 Mar 2026 19:53:41 +0000
[19:56:07]      偵測延遲: 146.3秒
[19:56:07]      內容: It is my Great Honor to endorse MAGA Warrior and Fountain County GOP Chair, Paula Copenhaver, a terr...
[19:56:07]      📡 信號: ACTION(65%) (0ms)
[19:56:07]      🎯 預測: UP (65%) | 1多/0空 (0ms)
[19:56:07]      ⏱️ 全鏈路: 偵測146s + 分類0ms + 預測0ms = 共146.3s
[19:56:07]      💰 Polymarket: 等待錢包設定...
[19:56:07]      📝 即時快報生成中...
[19:56:07]   🆕 新推文偵測！
[19:56:07]      ID: 116285893161347117
[19:56:07]      時間: Tue, 24 Mar 2026 19:51:54 +0000
[19:56:07]      偵測延遲: 253.3秒
[19:56:07]      內容: It is my Great Honor to endorse America First Patriot Tracey Powell, a fantastic Candidate for India...
[19:56:07]      📡 信號: ACTION(65%) (0ms)
[19:56:07]      🎯 預測: UP (65%) | 1多/0空 (0ms)
[19:56:07]      ⏱️ 全鏈路: 偵測253s + 分類0ms + 預測0ms = 共253.3s
[19:56:07]      💰 Polymarket: 等待錢包設定...
[19:56:07]      📝 即時快報完成：0/3 語言成功
[19:56:07]      📝 即時快報生成中...
[19:56:07]      📝 即時快報完成：0/3 語言成功
[19:56:07]      📝 即時快報完成：0/3 語言成功
[19:59:39] 💓 心跳: 已監控 805 分鐘, 無新推文
[20:00:10] 📡 RSS 掃描: 100 篇, 2 篇新的 (279ms)
[20:00:10]   🆕 新推文偵測！
[20:00:10]      ID: 116285916990204668
[20:00:10]      時間: Tue, 24 Mar 2026 19:57:58 +0000
[20:00:10]      偵測延遲: 132.2秒
[20:00:10]      內容: It is my Great Honor to endorse T.W. Shannon, an America First Patriot who is running for Lieutenant...
[20:00:10]      ⚪ 無信號 (0ms)
[20:00:10]   🆕 新推文偵測！
[20:00:10]      ID: 116285908636437489
[20:00:10]      時間: Tue, 24 Mar 2026 19:55:50 +0000
[20:00:10]      偵測延遲: 260.2秒
[20:00:10]      內容: It is my Great Honor to endorse State Representative Michelle Davis, a REAL Republican running for I...
[20:00:10]      📡 信號: ACTION(65%) (0ms)
[20:00:10]      🎯 預測: UP (65%) | 1多/0空 (0ms)
[20:00:10]      ⏱️ 全鏈路: 偵測260s + 分類0ms + 預測0ms = 共260.2s
[20:00:10]      💰 Polymarket: 等待錢包設定...
[20:00:10]      📝 即時快報生成中...
[20:00:10]      📝 即時快報完成：0/3 語言成功
[20:04:43] 💓 心跳: 已監控 810 分鐘, 無新推文
[20:09:47] 💓 心跳: 已監控 815 分鐘, 無新推文
[20:14:50] 💓 心跳: 已監控 820 分鐘, 無新推文
[20:19:53] 💓 心跳: 已監控 825 分鐘, 無新推文
[20:24:56] 💓 心跳: 已監控 830 分鐘, 無新推文
[20:29:59] 💓 心跳: 已監控 835 分鐘, 無新推文
[20:35:02] 💓 心跳: 已監控 840 分鐘, 無新推文
[20:40:06] 💓 心跳: 已監控 845 分鐘, 無新推文
[20:45:09] 💓 心跳: 已監控 850 分鐘, 無新推文
[20:50:12] 💓 心跳: 已監控 855 分鐘, 無新推文
[20:55:15] 💓 心跳: 已監控 860 分鐘, 無新推文
[21:00:19] 💓 心跳: 已監控 865 分鐘, 無新推文
[21:05:22] 💓 心跳: 已監控 870 分鐘, 無新推文
[21:10:25] 💓 心跳: 已監控 875 分鐘, 無新推文
[21:15:29] 💓 心跳: 已監控 880 分鐘, 無新推文
[21:20:33] 💓 心跳: 已監控 885 分鐘, 無新推文
[21:25:37] 💓 心跳: 已監控 890 分鐘, 無新推文
[21:30:40] 💓 心跳: 已監控 895 分鐘, 無新推文
[21:35:43] 💓 心跳: 已監控 900 分鐘, 無新推文
[21:40:47] 💓 心跳: 已監控 905 分鐘, 無新推文
[21:45:50] 💓 心跳: 已監控 910 分鐘, 無新推文
[21:50:53] 💓 心跳: 已監控 915 分鐘, 無新推文
[21:55:56] 💓 心跳: 已監控 920 分鐘, 無新推文
[22:01:00] 💓 心跳: 已監控 925 分鐘, 無新推文
[22:06:03] 💓 心跳: 已監控 930 分鐘, 無新推文
[22:11:06] 💓 心跳: 已監控 935 分鐘, 無新推文
[22:16:09] 💓 心跳: 已監控 940 分鐘, 無新推文
[22:21:13] 💓 心跳: 已監控 945 分鐘, 無新推文
[22:26:16] 💓 心跳: 已監控 950 分鐘, 無新推文
[13:01:52] 📡 RSS 掃描: 100 篇, 7 篇新的 (327ms)
[13:01:52]   🆕 新推文偵測！
[13:01:52]      ID: 116287761828408706
[13:01:52]      時間: Wed, 25 Mar 2026 03:47:08 +0000
[13:01:52]      偵測延遲: 33284.3秒
[13:01:52]      內容: Terrible!...
[13:01:52]      📡 信號: BEARISH(65%) (7ms)
[13:01:52]      🎯 預測: DOWN (65%) | 0多/1空 (0ms)
[13:01:52]      ⏱️ 全鏈路: 偵測33284s + 分類7ms + 預測0ms = 共33284.3s
[13:01:52]      💰 Polymarket: 等待錢包設定...
[13:01:52]      📝 即時快報生成中...
[13:01:52]   🆕 新推文偵測！
[13:01:52]      ID: 116287754799935332
[13:01:52]      時間: Wed, 25 Mar 2026 03:45:21 +0000
[13:01:52]      偵測延遲: 33391.3秒
[13:01:52]      內容: Iran’s flex of long-range ballistic missiles vindicates Trump, may change European calculus:...
[13:01:52]      ⚪ 無市場信號，仍生成快報 (0ms)
[13:01:52]      📝 即時快報生成中...
[13:01:52]   🆕 新推文偵測！
[13:01:52]      ID: 116287752129128324
[13:01:52]      時間: Wed, 25 Mar 2026 03:44:40 +0000
[13:01:52]      偵測延遲: 33432.3秒
[13:01:52]      內容: Trump admin looks to streamline permitting, lower costs to help make home ownership more attainable:...
[13:01:52]      ⚪ 無市場信號，仍生成快報 (0ms)
[13:01:52]      📝 即時快報生成中...
[13:01:52]   🆕 新推文偵測！
[13:01:52]      ID: 116287749682881628
[13:01:52]      時間: Wed, 25 Mar 2026 03:44:02 +0000
[13:01:52]      偵測延遲: 33470.3秒
[13:01:52]      內容: Fishing expedition: Docs expose expansive FBI surveillance of Trump allies, possible illegality:...
[13:01:52]      ⚪ 無市場信號，仍生成快報 (0ms)
[13:01:52]      📝 即時快報生成中...
[13:01:52]   🆕 新推文偵測！
[13:01:52]      ID: 116287683741019472
[13:01:52]      時間: Wed, 25 Mar 2026 03:27:16 +0000
[13:01:52]      偵測延遲: 34476.4秒
[13:01:52]      內容: ...
[13:01:52]      ⚪ 無市場信號，仍生成快報 (0ms)
[13:01:52]      📝 即時快報生成中...
[13:01:52]      📝 即時快報完成：0/3 語言成功
[13:01:52]   🆕 新推文偵測！
[13:01:52]      ID: 116287679930753202
[13:01:52]      時間: Wed, 25 Mar 2026 03:26:18 +0000
[13:01:52]      偵測延遲: 34534.4秒
[13:01:52]      內容: ...
[13:01:52]      ⚪ 無市場信號，仍生成快報 (0ms)
[13:01:52]      📝 即時快報生成中...
[13:01:52]      📝 即時快報完成：0/3 語言成功
[13:01:52]      📝 即時快報完成：0/3 語言成功
[13:01:52]      📝 即時快報完成：0/3 語言成功
[13:01:52]   🆕 新推文偵測！
[13:01:52]      ID: 116286710096907230
[13:01:52]      時間: Tue, 24 Mar 2026 23:19:40 +0000
[13:01:52]      偵測延遲: 49332.4秒
[13:01:52]      內容: Highly Respected Prime Minister of Hungary, Viktor Orbán, is a truly strong and powerful Leader, wit...
[13:01:52]      📡 信號: BULLISH(65%) (0ms)
[13:01:52]      🎯 預測: UP (65%) | 1多/0空 (0ms)
[13:01:52]      📝 即時快報完成：0/3 語言成功
[13:01:52]      ⏱️ 全鏈路: 偵測49332s + 分類0ms + 預測0ms = 共49332.4s
[13:01:52]      💰 Polymarket: 等待錢包設定...
[13:01:52]      📝 即時快報生成中...
[13:01:52]      📝 即時快報完成：0/3 語言成功
[13:01:52]      📝 即時快報完成：0/3 語言成功
[13:04:23] 💓 心跳: 已監控 380 分鐘, 無新推文
[13:09:27] 💓 心跳: 已監控 385 分鐘, 無新推文
[13:14:30] 💓 心跳: 已監控 390 分鐘, 無新推文
[13:18:51] =======================================================
[13:18:51] 🔴 Trump 雙源監控器（TS + X）
[13:18:51]    Truth Social: https://www.trumpstruth.org/feed (每 30s)
[13:18:51]    X Timeline: @realDonaldTrump (每 300s)
[13:18:51] =======================================================
[13:18:52] 🏥 健康檢查: degraded
[13:18:52]    🟡 washin_llm 不可用（快報會降級）
[13:19:05] =======================================================
[13:19:05] 🔴 Trump 雙源監控器（TS + X）
[13:19:05]    Truth Social: https://www.trumpstruth.org/feed (每 30s)
[13:19:05]    X Timeline: @realDonaldTrump (每 300s)
[13:19:05] =======================================================
[13:19:06] 🏥 健康檢查: degraded
[13:19:06]    🟡 washin_llm 不可用（快報會降級）
[13:19:28] =======================================================
[13:19:28] 🔴 Trump 雙源監控器（TS + X）
[13:19:28]    Truth Social: https://www.trumpstruth.org/feed (每 30s)
[13:19:28]    X Timeline: @realDonaldTrump (每 300s)
[13:19:28] =======================================================
[13:19:28] 🏥 健康檢查: degraded
[13:19:28]    🟡 washin_llm 不可用（快報會降級）
[13:19:37] =======================================================
[13:19:37] 🔴 Trump 雙源監控器（TS + X）
[13:19:37]    Truth Social: https://www.trumpstruth.org/feed (每 30s)
[13:19:37]    X Timeline: @realDonaldTrump (每 300s)
[13:19:37] =======================================================
[13:19:37] 🏥 健康檢查: degraded
[13:19:37]    🟡 washin_llm 不可用（快報會降級）
[13:21:59] =======================================================
[13:21:59] 🔴 Trump 雙源監控器（TS + X）
[13:21:59]    Truth Social: https://www.trumpstruth.org/feed (每 30s)
[13:21:59]    X Timeline: @realDonaldTrump (每 300s)
[13:21:59] =======================================================
[13:22:15] =======================================================
[13:22:15] 🔴 Trump 雙源監控器（TS + X）
[13:22:15]    Truth Social: https://www.trumpstruth.org/feed (每 30s)
[13:22:15]    X Timeline: @realDonaldTrump (每 300s)
[13:22:15] =======================================================
[13:22:23] =======================================================
[13:22:23] 🔴 Trump 雙源監控器（TS + X）
[13:22:23]    Truth Social: https://www.trumpstruth.org/feed (每 30s)
[13:22:23]    X Timeline: @realDonaldTrump (每 300s)
[13:22:23] =======================================================
[13:23:04] =======================================================
[13:23:04] 🔴 Trump 雙源監控器（TS + X）
[13:23:04]    Truth Social: https://www.trumpstruth.org/feed (每 30s)
[13:23:04]    X Timeline: @realDonaldTrump (每 300s)
[13:23:04] =======================================================
[13:24:05] =======================================================
[13:24:05] 🔴 Trump 雙源監控器（TS + X）
[13:24:05]    Truth Social: https://www.trumpstruth.org/feed (每 30s)
[13:24:05]    X Timeline: @realDonaldTrump (每 300s)
[13:24:05] =======================================================
[13:28:39]   ⚠️ X timeline 抓取失敗: HTTP Error 401: Unauthorized
[13:28:39] 💓 心跳: 已監控 5 分鐘, 無新推文
[13:33:43]   ⚠️ X timeline 抓取失敗: HTTP Error 401: Unauthorized
[13:33:43] 💓 心跳: 已監控 10 分鐘, 無新推文
[13:38:46]   ⚠️ X timeline 抓取失敗: HTTP Error 401: Unauthorized
[13:38:46] 💓 心跳: 已監控 15 分鐘, 無新推文
[13:43:50]   ⚠️ X timeline 抓取失敗: HTTP Error 401: Unauthorized
[13:43:50] 💓 心跳: 已監控 20 分鐘, 無新推文
[13:48:53]   ⚠️ X timeline 抓取失敗: HTTP Error 401: Unauthorized
[13:48:53] 💓 心跳: 已監控 25 分鐘, 無新推文
[13:53:57]   ⚠️ X timeline 抓取失敗: HTTP Error 401: Unauthorized
[13:53:57] 💓 心跳: 已監控 30 分鐘, 無新推文
[13:59:03]   ⚠️ X timeline 抓取失敗: HTTP Error 401: Unauthorized
[13:59:03] 💓 心跳: 已監控 35 分鐘, 無新推文
